#     p=   0.1000000000000E+00
#
#
#   Plasma Parameters
#    electron and ion temp [keV]:   0.3000D+01   0.3000D+01
#    number density nb   [cm^-3]:   0.1029D+26   0.4902D+25  0.4902D+25  0.1029D+25
#    mass array mb         [amu]:   0.5486D-03   0.2015D+01  0.3022D+01  0.1007D+01
#    mass array mb         [keV]:   0.5110D+03   0.1877D+07  0.2815D+07  0.9383D+06
#    charge array zb            :  -0.1000D+01   0.1000D+01  0.1000D+01  0.1000D+01
#
#
#   Projectile Parameters
#    charge      :   0.2000D+01
#    mass   [amu]:   0.4029D+01
#    mass   [keV]:   0.3753D+07
#    energy [keV]:   0.3540D+04
#  ne[cm^-3]    Te[keV]    Ti[keV]        ge       gi          etae         ze/2**1.5
#  0.1000D+26  0.3000D+01  0.3000D+01  0.3783D-02  0.2240D-02  0.9524D-01  0.3667D-02
# ab  =  0.1607E+00  0.5900E+03  0.8850E+03  0.2950E+03
# etab=  0.3359E+00  0.3359E+00  0.3359E+00  0.3359E+00
#    j tt [s]             xt [cm]                 vt [cm/s]           E_p [keV]             dedx_tot [MeV/mu-m]   dedx_i                dedx_e
     0   0.00000000E+00   0.0000000000000E+00   0.1302085185220E+10   0.3540000000000E+04   0.1743622064705E+00   0.3161348647376E-02   0.1712008578231E+00
     1   0.10000000E-12   0.1282069393089E-03   0.1260860167501E+10   0.3319390269569E+04   0.1698047259881E+00   0.3358667245321E-02   0.1664460587428E+00
     2   0.20000000E-12   0.2523438522449E-03   0.1220717679688E+10   0.3111393469063E+04   0.1653245447145E+00   0.3569328912509E-02   0.1617552158020E+00
     3   0.30000000E-12   0.3725180784629E-03   0.1181638625882E+10   0.2915370967636E+04   0.1609265520009E+00   0.3794277358358E-02   0.1571322746426E+00
     4   0.40000000E-12   0.4888349932926E-03   0.1143602788445E+10   0.2730705581368E+04   0.1566153264878E+00   0.4034531662098E-02   0.1525807948257E+00
     5   0.50000000E-12   0.6013978991179E-03   0.1106588913700E+10   0.2556801995751E+04   0.1523949015527E+00   0.4291193778080E-02   0.1481037077746E+00
     6   0.60000000E-12   0.7103079278836E-03   0.1070574833308E+10   0.2393087215130E+04   0.1482688744935E+00   0.4565457464192E-02   0.1437034170293E+00
     7   0.70000000E-12   0.8156639545175E-03   0.1035537563803E+10   0.2239010764615E+04   0.1442404489092E+00   0.4858618093843E-02   0.1393818308154E+00
     8   0.80000000E-12   0.9175613965292E-03   0.1001423588157E+10   0.2093920073893E+04   0.1404625071382E+00   0.5172372381979E-02   0.1352901347562E+00
     9   0.90000000E-12   0.1016092023830E-02   0.9682354797301E+09   0.1957430956058E+04   0.1366103159411E+00   0.5508056671293E-02   0.1311022592698E+00
    10   0.10000000E-11   0.1111348032388E-02   0.9359572011911E+09   0.1829095776312E+04   0.1328676029143E+00   0.5867263676786E-02   0.1270003392376E+00
    11   0.11000000E-11   0.1203419133105E-02   0.9045623780049E+09   0.1708446992059E+04   0.1292357435475E+00   0.6251835069238E-02   0.1229839084783E+00
    12   0.12000000E-11   0.1292392383343E-02   0.8740243009370E+09   0.1595039645605E+04   0.1257161231553E+00   0.6663793390209E-02   0.1190523297651E+00
    13   0.13000000E-11   0.1378352153920E-02   0.8443159419137E+09   0.1488450669191E+04   0.1223100358686E+00   0.7105369518957E-02   0.1152046663496E+00
    14   0.14000000E-11   0.1461380097970E-02   0.8154099656974E+09   0.1388278176486E+04   0.1190187601103E+00   0.7579031068353E-02   0.1114397290419E+00
    15   0.15000000E-11   0.1541555120198E-02   0.7872787258161E+09   0.1294140708398E+04   0.1158436334313E+00   0.8087518604041E-02   0.1077561148273E+00
    16   0.16000000E-11   0.1618953345077E-02   0.7598942551018E+09   0.1205676480673E+04   0.1127859863067E+00   0.8633887509923E-02   0.1041520987968E+00
    17   0.17000000E-11   0.1693648084369E-02   0.7332282446802E+09   0.1122542619647E+04   0.1098473789297E+00   0.9221560265344E-02   0.1006258186643E+00
    18   0.18000000E-11   0.1765709800264E-02   0.7072519924291E+09   0.1044414339532E+04   0.1070295470824E+00   0.9854388123393E-02   0.9717515895904E-01
    19   0.19000000E-11   0.1835206063701E-02   0.6819363493061E+09   0.9709841648258E+03   0.1043345112721E+00   0.1053672748084E-01   0.9379778379122E-01
    20   0.20000000E-11   0.1902201506060E-02   0.6572516408660E+09   0.9019611357105E+03   0.1017646680968E+00   0.1127353414390E-01   0.9049113395287E-01
    21   0.21000000E-11   0.1966757761895E-02   0.6331675648927E+09   0.8370700151967E+03   0.9932290114467E-01   0.1207047862895E-01   0.8725242251572E-01
    22   0.22000000E-11   0.2028933400052E-02   0.6096530595749E+09   0.7760504982566E+03   0.9701271625553E-01   0.1293409270989E-01   0.8407862354564E-01
    23   0.23000000E-11   0.2088783839941E-02   0.5866761358982E+09   0.7186564247171E+03   0.9483840850850E-01   0.1387195210446E-01   0.8096645640404E-01
    24   0.24000000E-11   0.2146361248947E-02   0.5642036648990E+09   0.6646549943770E+03   0.9280527662852E-01   0.1489291262041E-01   0.7791236400812E-01
    25   0.25000000E-11   0.2201714415941E-02   0.5422011081579E+09   0.6138259836700E+03   0.9091988782909E-01   0.1600740953915E-01   0.7491247828995E-01
    26   0.26000000E-11   0.2254888594434E-02   0.5206321733816E+09   0.5659609565478E+03   0.8919046339408E-01   0.1722785531561E-01   0.7196260807848E-01
    27   0.27000000E-11   0.2305925306540E-02   0.4994583728363E+09   0.5208624658973E+03   0.8762721442061E-01   0.1856915872918E-01   0.6905805569143E-01
    28   0.28000000E-11   0.2354862098281E-02   0.4786384708211E+09   0.4783432736549E+03   0.8624315287613E-01   0.2004942462041E-01   0.6619372825572E-01
    29   0.29000000E-11   0.2401732229589E-02   0.4581277254417E+09   0.4382254725742E+03   0.8505481385062E-01   0.2169091030865E-01   0.6336390354197E-01
    30   0.30000000E-11   0.2446564278945E-02   0.4378769134407E+09   0.4003396111177E+03   0.8408347675062E-01   0.2352134951113E-01   0.6056212723948E-01
    31   0.31000000E-11   0.2489381634900E-02   0.4178310133886E+09   0.3645237347303E+03   0.8335684182906E-01   0.2557583596805E-01   0.5778100586101E-01
    32   0.32000000E-11   0.2530201830122E-02   0.3979273090873E+09   0.3306221584971E+03   0.8291197080168E-01   0.2790003513628E-01   0.5501193566540E-01
    33   0.33000000E-11   0.2569035666415E-02   0.3780931118672E+09   0.2984846470833E+03   0.8279713389427E-01   0.3055239248933E-01   0.5224474140494E-01
    34   0.34000000E-11   0.2605886047961E-02   0.3582419474529E+09   0.2679645484899E+03   0.8308011303590E-01   0.3361303311707E-01   0.4946707991882E-01
    35   0.35000000E-11   0.2640746361749E-02   0.3382682420126E+09   0.2389169266610E+03   0.8385575077853E-01   0.3719201879476E-01   0.4666373198377E-01
    36   0.36000000E-11   0.2673598203498E-02   0.3180391632655E+09   0.2111959915482E+03   0.8526162073867E-01   0.4144640350014E-01   0.4381521723853E-01
    37   0.37000000E-11   0.2704408073702E-02   0.2973815632922E+09   0.1846513754591E+03   0.8750514727592E-01   0.4660936553411E-01   0.4089578174180E-01
    38   0.38000000E-11   0.2733122364778E-02   0.2760595012689E+09   0.1591218666530E+03   0.9091768153812E-01   0.5304785206706E-01   0.3786982947106E-01
    39   0.39000000E-11   0.2759659414840E-02   0.2537360609599E+09   0.1344277265219E+03   0.9604687805831E-01   0.6136140012466E-01   0.3468547793365E-01
    40   0.40000000E-11   0.2783896134928E-02   0.2298954935228E+09   0.1103533148145E+03   0.1039083921597E+00   0.7264620482647E-01   0.3126218733318E-01
    41   0.41000000E-11   0.2805643166112E-02   0.2036767461108E+09   0.8661784271957E+02   0.1165594468258E+00   0.8909813808134E-01   0.2746130874444E-01
    42   0.42000000E-11   0.2824593615566E-02   0.1734555957222E+09   0.6282045772556E+02   0.1389224100970E+00   0.1159133659845E+00   0.2300904411249E-01
    43   0.43000000E-11   0.2840197211800E-02   0.1355542663895E+09   0.3836638218457E+02   0.1856297787267E+00   0.1684119376477E+00   0.1721784107904E-01
    44   0.44000000E-11   0.2851291826064E-02   0.8065432342245E+08   0.1358250181012E+02   0.2744614215894E+00   0.2668857848056E+00   0.7575636783846E-02
    45   0.45000000E-11   0.2856914677911E-02   0.4280758787540E+08   0.3826185138294E+01   0.1900027463946E-01   0.2021320913967E-01  -0.1212934500209E-02
    46   0.46000000E-11   0.2861119736355E-02   0.4185790326460E+08   0.3658300755148E+01   0.8870253896837E-04   0.1575293834941E-02  -0.1486591295973E-02
    47   0.47000000E-11   0.2865305180176E-02   0.4185356937348E+08   0.3657543246763E+01   0.3935768450715E-06   0.1488246329654E-02  -0.1487852752809E-02
    48   0.48000000E-11   0.2869490535576E-02   0.4185355014569E+08   0.3657539886167E+01   0.1745945935137E-08   0.1487860095602E-02  -0.1487858349656E-02
    49   0.49000000E-11   0.2873675890583E-02   0.4185355006039E+08   0.3657539871259E+01   0.7747160009862E-11   0.1487858382240E-02  -0.1487858374492E-02
    50   0.50000000E-11   0.2877861245589E-02   0.4185355006002E+08   0.3657539871193E+01   0.4078378260108E-13   0.1487858374645E-02  -0.1487858374604E-02
    51   0.51000000E-11   0.2882046600595E-02   0.4185355006001E+08   0.3657539871193E+01   0.1133208110682E-13   0.1487858374613E-02  -0.1487858374602E-02
    52   0.52000000E-11   0.2886231955602E-02   0.4185355006001E+08   0.3657539871193E+01  -0.1295664964207E-13   0.1487858374605E-02  -0.1487858374618E-02
    53   0.53000000E-11   0.2890417310608E-02   0.4185355006001E+08   0.3657539871193E+01   0.3679348492547E-14   0.1487858374609E-02  -0.1487858374605E-02
    54   0.54000000E-11   0.2894602665614E-02   0.4185355006001E+08   0.3657539871193E+01   0.1133208110682E-13   0.1487858374613E-02  -0.1487858374602E-02
    55   0.55000000E-11   0.2898788020620E-02   0.4185355006001E+08   0.3657539871193E+01  -0.1295664964207E-13   0.1487858374605E-02  -0.1487858374618E-02
    56   0.56000000E-11   0.2902973375626E-02   0.4185355006001E+08   0.3657539871193E+01   0.3679348492547E-14   0.1487858374609E-02  -0.1487858374605E-02
    57   0.57000000E-11   0.2907158730632E-02   0.4185355006001E+08   0.3657539871193E+01   0.1133208110682E-13   0.1487858374613E-02  -0.1487858374602E-02
    58   0.58000000E-11   0.2911344085638E-02   0.4185355006001E+08   0.3657539871193E+01  -0.1295664964207E-13   0.1487858374605E-02  -0.1487858374618E-02
    59   0.59000000E-11   0.2915529440644E-02   0.4185355006001E+08   0.3657539871193E+01   0.3679348492547E-14   0.1487858374609E-02  -0.1487858374605E-02
    60   0.60000000E-11   0.2919714795650E-02   0.4185355006001E+08   0.3657539871193E+01   0.1133208110682E-13   0.1487858374613E-02  -0.1487858374602E-02
    61   0.61000000E-11   0.2923900150656E-02   0.4185355006001E+08   0.3657539871193E+01  -0.1295664964207E-13   0.1487858374605E-02  -0.1487858374618E-02
    62   0.62000000E-11   0.2928085505662E-02   0.4185355006001E+08   0.3657539871193E+01   0.3679348492547E-14   0.1487858374609E-02  -0.1487858374605E-02
    63   0.63000000E-11   0.2932270860668E-02   0.4185355006001E+08   0.3657539871193E+01   0.1133208110682E-13   0.1487858374613E-02  -0.1487858374602E-02
    64   0.64000000E-11   0.2936456215674E-02   0.4185355006001E+08   0.3657539871193E+01  -0.1295664964207E-13   0.1487858374605E-02  -0.1487858374618E-02
    65   0.65000000E-11   0.2940641570680E-02   0.4185355006001E+08   0.3657539871193E+01   0.3679348492547E-14   0.1487858374609E-02  -0.1487858374605E-02
    66   0.66000000E-11   0.2944826925686E-02   0.4185355006001E+08   0.3657539871193E+01   0.1133208110682E-13   0.1487858374613E-02  -0.1487858374602E-02
    67   0.67000000E-11   0.2949012280692E-02   0.4185355006001E+08   0.3657539871193E+01  -0.1295664964207E-13   0.1487858374605E-02  -0.1487858374618E-02
    68   0.68000000E-11   0.2953197635698E-02   0.4185355006001E+08   0.3657539871193E+01   0.3679348492547E-14   0.1487858374609E-02  -0.1487858374605E-02
    69   0.69000000E-11   0.2957382990704E-02   0.4185355006001E+08   0.3657539871193E+01   0.1133208110682E-13   0.1487858374613E-02  -0.1487858374602E-02
    70   0.70000000E-11   0.2961568345710E-02   0.4185355006001E+08   0.3657539871193E+01  -0.1295664964207E-13   0.1487858374605E-02  -0.1487858374618E-02
    71   0.71000000E-11   0.2965753700716E-02   0.4185355006001E+08   0.3657539871193E+01   0.3679348492547E-14   0.1487858374609E-02  -0.1487858374605E-02
    72   0.72000000E-11   0.2969939055722E-02   0.4185355006001E+08   0.3657539871193E+01   0.1133208110682E-13   0.1487858374613E-02  -0.1487858374602E-02
    73   0.73000000E-11   0.2974124410728E-02   0.4185355006001E+08   0.3657539871193E+01  -0.1295664964207E-13   0.1487858374605E-02  -0.1487858374618E-02
    74   0.74000000E-11   0.2978309765734E-02   0.4185355006001E+08   0.3657539871193E+01   0.3679348492547E-14   0.1487858374609E-02  -0.1487858374605E-02
    75   0.75000000E-11   0.2982495120740E-02   0.4185355006001E+08   0.3657539871193E+01   0.1133208110682E-13   0.1487858374613E-02  -0.1487858374602E-02
    76   0.76000000E-11   0.2986680475746E-02   0.4185355006001E+08   0.3657539871193E+01  -0.1295664964207E-13   0.1487858374605E-02  -0.1487858374618E-02
    77   0.77000000E-11   0.2990865830752E-02   0.4185355006001E+08   0.3657539871193E+01   0.3679348492547E-14   0.1487858374609E-02  -0.1487858374605E-02
    78   0.78000000E-11   0.2995051185758E-02   0.4185355006001E+08   0.3657539871193E+01   0.1133208110682E-13   0.1487858374613E-02  -0.1487858374602E-02
    79   0.79000000E-11   0.2999236540764E-02   0.4185355006001E+08   0.3657539871193E+01  -0.1295664964207E-13   0.1487858374605E-02  -0.1487858374618E-02
    80   0.80000000E-11   0.3003421895770E-02   0.4185355006001E+08   0.3657539871193E+01   0.3679348492547E-14   0.1487858374609E-02  -0.1487858374605E-02
    81   0.81000000E-11   0.3007607250776E-02   0.4185355006001E+08   0.3657539871193E+01   0.1133208110682E-13   0.1487858374613E-02  -0.1487858374602E-02
    82   0.82000000E-11   0.3011792605782E-02   0.4185355006001E+08   0.3657539871193E+01  -0.1295664964207E-13   0.1487858374605E-02  -0.1487858374618E-02
    83   0.83000000E-11   0.3015977960788E-02   0.4185355006001E+08   0.3657539871193E+01   0.3679348492547E-14   0.1487858374609E-02  -0.1487858374605E-02
    84   0.84000000E-11   0.3020163315794E-02   0.4185355006001E+08   0.3657539871193E+01   0.1133208110682E-13   0.1487858374613E-02  -0.1487858374602E-02
    85   0.85000000E-11   0.3024348670800E-02   0.4185355006001E+08   0.3657539871193E+01  -0.1295664964207E-13   0.1487858374605E-02  -0.1487858374618E-02
    86   0.86000000E-11   0.3028534025806E-02   0.4185355006001E+08   0.3657539871193E+01   0.3679348492547E-14   0.1487858374609E-02  -0.1487858374605E-02
    87   0.87000000E-11   0.3032719380812E-02   0.4185355006001E+08   0.3657539871193E+01   0.1133208110682E-13   0.1487858374613E-02  -0.1487858374602E-02
    88   0.88000000E-11   0.3036904735818E-02   0.4185355006001E+08   0.3657539871193E+01  -0.1295664964207E-13   0.1487858374605E-02  -0.1487858374618E-02
    89   0.89000000E-11   0.3041090090824E-02   0.4185355006001E+08   0.3657539871193E+01   0.3679348492547E-14   0.1487858374609E-02  -0.1487858374605E-02
    90   0.90000000E-11   0.3045275445830E-02   0.4185355006001E+08   0.3657539871193E+01   0.1133208110682E-13   0.1487858374613E-02  -0.1487858374602E-02
    91   0.91000000E-11   0.3049460800836E-02   0.4185355006001E+08   0.3657539871193E+01  -0.1295664964207E-13   0.1487858374605E-02  -0.1487858374618E-02
    92   0.92000000E-11   0.3053646155842E-02   0.4185355006001E+08   0.3657539871193E+01   0.3679348492547E-14   0.1487858374609E-02  -0.1487858374605E-02
    93   0.93000000E-11   0.3057831510848E-02   0.4185355006001E+08   0.3657539871193E+01   0.1133208110682E-13   0.1487858374613E-02  -0.1487858374602E-02
    94   0.94000000E-11   0.3062016865854E-02   0.4185355006001E+08   0.3657539871193E+01  -0.1295664964207E-13   0.1487858374605E-02  -0.1487858374618E-02
    95   0.95000000E-11   0.3066202220860E-02   0.4185355006001E+08   0.3657539871193E+01   0.3679348492547E-14   0.1487858374609E-02  -0.1487858374605E-02
    96   0.96000000E-11   0.3070387575866E-02   0.4185355006001E+08   0.3657539871193E+01   0.1133208110682E-13   0.1487858374613E-02  -0.1487858374602E-02
    97   0.97000000E-11   0.3074572930872E-02   0.4185355006001E+08   0.3657539871193E+01  -0.1295664964207E-13   0.1487858374605E-02  -0.1487858374618E-02
    98   0.98000000E-11   0.3078758285878E-02   0.4185355006001E+08   0.3657539871193E+01   0.3679348492547E-14   0.1487858374609E-02  -0.1487858374605E-02
    99   0.99000000E-11   0.3082943640884E-02   0.4185355006001E+08   0.3657539871193E+01   0.1133208110682E-13   0.1487858374613E-02  -0.1487858374602E-02
   100   0.10000000E-10   0.3087128995890E-02   0.4185355006001E+08   0.3657539871193E+01  -0.1295664964207E-13   0.1487858374605E-02  -0.1487858374618E-02
