#
#
#   Plasma Parameters
#    electron and ion temp [keV]:   0.3000D+01   0.3000D+01
#    number density nb   [cm^-3]:   0.1000D+26   0.1000D+26
#    mass array mb         [amu]:   0.5486D-03   0.1007D+01
#    mass array mb         [keV]:   0.5110D+03   0.9383D+06
#    charge array zb            :  -0.1000D+01   0.1000D+01
#
#
#   Projectile Parameters
#    charge      :   0.2000D+01
#    mass   [amu]:   0.4029D+01
#    mass   [keV]:   0.3753D+07
#    energy [keV]:   0.3540D+04
#  ne[cm^-3]    Te[keV]    Ti[keV]        ge       gi          etae         ze/2**1.5
#  0.1000D+26  0.3000D+01  0.3000D+01  0.3728D-02  0.3728D-02  0.9524D-01  0.3563D-02
# ab  =  0.1607D+00  0.2950D+03
# etab=  0.3359D+00  0.3359D+00
#    j tt [s]             xt [cm]                 vt [cm/s]           E_p [keV]             dedx_tot [MeV/mu-m]   dedx_i                dedx_e
     0   0.00000000E+00   0.0000000000000E+00   0.1302085185220E+10   0.3540000000000E+04   0.1729664141604E+00   0.5901035688529E-02   0.1670653784718E+00
     1   0.10000000E-12   0.1282219376819E-03   0.1261157324078E+10   0.3320955066223E+04   0.1687297232203E+00   0.6265371925889E-02   0.1624643512944E+00
     2   0.20000000E-12   0.2523998447244E-03   0.1221234945810E+10   0.3114030867453E+04   0.1645723656183E+00   0.6654680268500E-02   0.1579176853498E+00
     3   0.30000000E-12   0.3726333311507E-03   0.1182298421593E+10   0.2918627608452E+04   0.1604996519175E+00   0.7070849456068E-02   0.1534288024615E+00
     4   0.40000000E-12   0.4890199840346E-03   0.1144326885421E+10   0.2734164687376E+04   0.1565167052607E+00   0.7515944339011E-02   0.1490007609217E+00
     5   0.50000000E-12   0.6016552458317E-03   0.1107298287760E+10   0.2560081100272E+04   0.1526282527471E+00   0.7992229483558E-02   0.1446360232636E+00
     6   0.60000000E-12   0.7106323004123E-03   0.1071189481208E+10   0.2395835884779E+04   0.1488387367908E+00   0.8502193376791E-02   0.1403365434141E+00
     7   0.70000000E-12   0.8160419663725E-03   0.1035976282278E+10   0.2240908336470E+04   0.1451523700733E+00   0.9048579456189E-02   0.1361037906171E+00
     8   0.80000000E-12   0.9179716961859E-03   0.1001607142596E+10   0.2094687748136E+04   0.1417196685600E+00   0.9634896335272E-02   0.1320847722248E+00
     9   0.90000000E-12   0.1016504843879E-02   0.9680767432091E+09   0.1956789190048E+04   0.1382253380381E+00   0.1026424942918E-01   0.1279610886089E+00
    10   0.10000000E-11   0.1111724968684E-02   0.9353694002229E+09   0.1826799075864E+04   0.1348501058167E+00   0.1094020248879E-01   0.1239099033279E+00
    11   0.11000000E-11   0.1203712986125E-02   0.9034562186824E+09   0.1704271140581E+04   0.1315972658886E+00   0.1166697188203E-01   0.1199302940065E+00
    12   0.12000000E-11   0.1292546882935E-02   0.8723074766625E+09   0.1588779606173E+04   0.1284704163862E+00   0.1244930175471E-01   0.1160211146314E+00
    13   0.13000000E-11   0.1378301631173E-02   0.8418925630393E+09   0.1479918547130E+04   0.1254734237344E+00   0.1329255957405E-01   0.1121808641603E+00
    14   0.14000000E-11   0.1461049095680E-02   0.8121798959622E+09   0.1377301235200E+04   0.1226105640637E+00   0.1420284571747E-01   0.1084077183462E+00
    15   0.15000000E-11   0.1540857931708E-02   0.7831368060260E+09   0.1280559427460E+04   0.1198866886697E+00   0.1518714105556E-01   0.1046995476142E+00
    16   0.16000000E-11   0.1617793469237E-02   0.7547293931935E+09   0.1189342655064E+04   0.1173072757879E+00   0.1625348144020E-01   0.1010537943477E+00
    17   0.17000000E-11   0.1691917581511E-02   0.7269223339560E+09   0.1103317461121E+04   0.1148788071632E+00   0.1741118233987E-01   0.9746762482330E-01
    18   0.18000000E-11   0.1763288530479E-02   0.6996786250386E+09   0.1022166585577E+04   0.1126089178277E+00   0.1867112443666E-01   0.9393779339102E-01
    19   0.19000000E-11   0.1831960784283E-02   0.6729592678114E+09   0.9455881558202E+03   0.1105067502275E+00   0.2004612431093E-01   0.9046062591653E-01
    20   0.20000000E-11   0.1897984798843E-02   0.6467228594113E+09   0.8732948333990E+03   0.1085833889100E+00   0.2155141077548E-01   0.8703197813448E-01
    21   0.21000000E-11   0.1961406753005E-02   0.6209250646668E+09   0.8050129173418E+03   0.1068524304369E+00   0.2320526078041E-01   0.8364716965646E-01
    22   0.22000000E-11   0.2022268223727E-02   0.5955179314921E+09   0.7404813976079E+03   0.1053307458567E+00   0.2502985080723E-01   0.8030089504945E-01
    23   0.23000000E-11   0.2080605783087E-02   0.5704489940732E+09   0.6794509403127E+03   0.1040395046267E+00   0.2705241207789E-01   0.7698709254884E-01
    24   0.24000000E-11   0.2136450492244E-02   0.5456600830187E+09   0.6216827774862E+03   0.1030056492809E+00   0.2930683831022E-01   0.7369881097063E-01
    25   0.25000000E-11   0.2189827257707E-02   0.5210857231936E+09   0.5669474622126E+03   0.1022639451148E+00   0.3183596003886E-01   0.7042798507590E-01
    26   0.26000000E-11   0.2240754000309E-02   0.4966509366324E+09   0.5150234270873E+03   0.1018598815868E+00   0.3469484601236E-01   0.6716503557442E-01
    27   0.27000000E-11   0.2289240566507E-02   0.4722681929330E+09   0.4656953063171E+03   0.1018542998345E+00   0.3795569856852E-01   0.6389860126594E-01
    28   0.28000000E-11   0.2335287273175E-02   0.4478329948935E+09   0.4187517571539E+03   0.1023301973442E+00   0.4171539070514E-01   0.6061480663910E-01
    29   0.29000000E-11   0.2378882919615E-02   0.4232174042260E+09   0.3739826933922E+03   0.1034037836475E+00   0.4610742651680E-01   0.5729635713071E-01
    30   0.30000000E-11   0.2420001980005E-02   0.3982594594429E+09   0.3311743301973E+03   0.1052475620321E+00   0.5132655591221E-01   0.5392100611987E-01
    31   0.31000000E-11   0.2458600531935E-02   0.3727489861846E+09   0.2901064659662E+03   0.1081048033482E+00   0.5764552771478E-01   0.5045927563346E-01
    32   0.32000000E-11   0.2494610318747E-02   0.3464007174170E+09   0.2505428609542E+03   0.1123748582243E+00   0.6550429754663E-01   0.4687056067763E-01
    33   0.33000000E-11   0.2527929143078E-02   0.3188068385951E+09   0.2122167817141E+03   0.1187202106710E+00   0.7562328918347E-01   0.4309692148749E-01
    34   0.34000000E-11   0.2558404776046E-02   0.2893465993290E+09   0.1748079709028E+03   0.1283416682605E+00   0.8929364107274E-01   0.3904802718771E-01
    35   0.35000000E-11   0.2585805541719E-02   0.2569908790818E+09   0.1378986093990E+03   0.1436707565376E+00   0.1091004627808E+00   0.3457029375683E-01
    36   0.36000000E-11   0.2609759853477E-02   0.2198148275735E+09   0.1008877497486E+03   0.1704409066858E+00   0.1410785706648E+00   0.2936233602098E-01
    37   0.37000000E-11   0.2629610870110E-02   0.1735808971721E+09   0.6291125142431E+02   0.2242468075485E+00   0.2015704163203E+00   0.2267639122824E-01
    38   0.38000000E-11   0.2644049977511E-02   0.1093093728162E+09   0.2494820314218E+02   0.3112257160554E+00   0.2989731721142E+00   0.1225254394125E-01
    39   0.39000000E-11   0.2651779630072E-02   0.5260847263220E+08   0.5778775903529E+01   0.9917883824594E-01   0.9781069337262E-01   0.1368144873322E-02
    40   0.40000000E-11   0.2656466536892E-02   0.4446156348006E+08   0.4127565062333E+01   0.4231488993668E-02   0.4844211229448E-02  -0.6127222357800E-03
    41   0.41000000E-11   0.2660890752623E-02   0.4415872179162E+08   0.4071528269751E+01   0.1327642691060E-03   0.8250647735826E-03  -0.6923005044766E-03
    42   0.42000000E-11   0.2665305939298E-02   0.4414926913655E+08   0.4069785346427E+01   0.4119062823545E-05   0.6989118104186E-03  -0.6947927475950E-03
    43   0.43000000E-11   0.2669720844947E-02   0.4414897591177E+08   0.4069731286281E+01   0.1277507907250E-06   0.6949978168165E-03  -0.6948700660258E-03
    44   0.44000000E-11   0.2674135741878E-02   0.4414896681758E+08   0.4069729609646E+01   0.3962091235042E-08   0.6948764261046E-03  -0.6948724640134E-03
    45   0.45000000E-11   0.2678550638540E-02   0.4414896653554E+08   0.4069729557646E+01   0.1228788292363E-09   0.6948726612732E-03  -0.6948725383944E-03
    46   0.46000000E-11   0.2682965535193E-02   0.4414896652679E+08   0.4069729556033E+01   0.3813047208708E-11   0.6948725445116E-03  -0.6948725406985E-03
    47   0.47000000E-11   0.2687380431845E-02   0.4414896652652E+08   0.4069729555983E+01   0.1158056127121E-12   0.6948725408834E-03  -0.6948725407676E-03
    48   0.48000000E-11   0.2691795328498E-02   0.4414896652651E+08   0.4069729555982E+01   0.2067939461163E-13   0.6948725407735E-03  -0.6948725407528E-03
    49   0.49000000E-11   0.2696210225150E-02   0.4414896652651E+08   0.4069729555982E+01  -0.5822707767333E-14   0.6948725407717E-03  -0.6948725407775E-03
    50   0.50000000E-11   0.2700625121803E-02   0.4414896652651E+08   0.4069729555982E+01  -0.1535075777430E-13   0.6948725407660E-03  -0.6948725407813E-03
    51   0.51000000E-11   0.2705040018456E-02   0.4414896652651E+08   0.4069729555982E+01  -0.1916191814597E-14   0.6948725407641E-03  -0.6948725407660E-03
    52   0.52000000E-11   0.2709454915108E-02   0.4414896652651E+08   0.4069729555982E+01   0.1270278370338E-14   0.6948725407642E-03  -0.6948725407629E-03
    53   0.53000000E-11   0.2713869811761E-02   0.4414896652651E+08   0.4069729555982E+01  -0.8804995578135E-14   0.6948725407688E-03  -0.6948725407776E-03
    54   0.54000000E-11   0.2718284708414E-02   0.4414896652651E+08   0.4069729555982E+01   0.1693279847934E-14   0.6948725407685E-03  -0.6948725407668E-03
    55   0.55000000E-11   0.2722699605066E-02   0.4414896652651E+08   0.4069729555982E+01  -0.5822707767333E-14   0.6948725407717E-03  -0.6948725407775E-03
    56   0.56000000E-11   0.2727114501719E-02   0.4414896652651E+08   0.4069729555982E+01  -0.1535075777430E-13   0.6948725407660E-03  -0.6948725407813E-03
    57   0.57000000E-11   0.2731529398372E-02   0.4414896652651E+08   0.4069729555982E+01  -0.1916191814597E-14   0.6948725407641E-03  -0.6948725407660E-03
    58   0.58000000E-11   0.2735944295024E-02   0.4414896652651E+08   0.4069729555982E+01   0.1270278370338E-14   0.6948725407642E-03  -0.6948725407629E-03
    59   0.59000000E-11   0.2740359191677E-02   0.4414896652651E+08   0.4069729555982E+01  -0.8804995578135E-14   0.6948725407688E-03  -0.6948725407776E-03
    60   0.60000000E-11   0.2744774088330E-02   0.4414896652651E+08   0.4069729555982E+01   0.1693279847934E-14   0.6948725407685E-03  -0.6948725407668E-03
    61   0.61000000E-11   0.2749188984982E-02   0.4414896652651E+08   0.4069729555982E+01  -0.5822707767333E-14   0.6948725407717E-03  -0.6948725407775E-03
    62   0.62000000E-11   0.2753603881635E-02   0.4414896652651E+08   0.4069729555982E+01  -0.1535075777430E-13   0.6948725407660E-03  -0.6948725407813E-03
    63   0.63000000E-11   0.2758018778288E-02   0.4414896652651E+08   0.4069729555982E+01  -0.1916191814597E-14   0.6948725407641E-03  -0.6948725407660E-03
    64   0.64000000E-11   0.2762433674940E-02   0.4414896652651E+08   0.4069729555982E+01   0.1270278370338E-14   0.6948725407642E-03  -0.6948725407629E-03
    65   0.65000000E-11   0.2766848571593E-02   0.4414896652651E+08   0.4069729555982E+01  -0.8804995578135E-14   0.6948725407688E-03  -0.6948725407776E-03
    66   0.66000000E-11   0.2771263468246E-02   0.4414896652651E+08   0.4069729555982E+01   0.1693279847934E-14   0.6948725407685E-03  -0.6948725407668E-03
    67   0.67000000E-11   0.2775678364898E-02   0.4414896652651E+08   0.4069729555982E+01  -0.5822707767333E-14   0.6948725407717E-03  -0.6948725407775E-03
    68   0.68000000E-11   0.2780093261551E-02   0.4414896652651E+08   0.4069729555982E+01  -0.1535075777430E-13   0.6948725407660E-03  -0.6948725407813E-03
    69   0.69000000E-11   0.2784508158204E-02   0.4414896652651E+08   0.4069729555982E+01  -0.1916191814597E-14   0.6948725407641E-03  -0.6948725407660E-03
    70   0.70000000E-11   0.2788923054856E-02   0.4414896652651E+08   0.4069729555982E+01   0.1270278370338E-14   0.6948725407642E-03  -0.6948725407629E-03
    71   0.71000000E-11   0.2793337951509E-02   0.4414896652651E+08   0.4069729555982E+01  -0.8804995578135E-14   0.6948725407688E-03  -0.6948725407776E-03
    72   0.72000000E-11   0.2797752848161E-02   0.4414896652651E+08   0.4069729555982E+01   0.1693279847934E-14   0.6948725407685E-03  -0.6948725407668E-03
    73   0.73000000E-11   0.2802167744814E-02   0.4414896652651E+08   0.4069729555982E+01  -0.5822707767333E-14   0.6948725407717E-03  -0.6948725407775E-03
    74   0.74000000E-11   0.2806582641467E-02   0.4414896652651E+08   0.4069729555982E+01  -0.1535075777430E-13   0.6948725407660E-03  -0.6948725407813E-03
    75   0.75000000E-11   0.2810997538119E-02   0.4414896652651E+08   0.4069729555982E+01  -0.1916191814597E-14   0.6948725407641E-03  -0.6948725407660E-03
    76   0.76000000E-11   0.2815412434772E-02   0.4414896652651E+08   0.4069729555982E+01   0.1270278370338E-14   0.6948725407642E-03  -0.6948725407629E-03
    77   0.77000000E-11   0.2819827331425E-02   0.4414896652651E+08   0.4069729555982E+01  -0.8804995578135E-14   0.6948725407688E-03  -0.6948725407776E-03
    78   0.78000000E-11   0.2824242228077E-02   0.4414896652651E+08   0.4069729555982E+01   0.1693279847934E-14   0.6948725407685E-03  -0.6948725407668E-03
    79   0.79000000E-11   0.2828657124730E-02   0.4414896652651E+08   0.4069729555982E+01  -0.5822707767333E-14   0.6948725407717E-03  -0.6948725407775E-03
    80   0.80000000E-11   0.2833072021383E-02   0.4414896652651E+08   0.4069729555982E+01  -0.1535075777430E-13   0.6948725407660E-03  -0.6948725407813E-03
    81   0.81000000E-11   0.2837486918035E-02   0.4414896652651E+08   0.4069729555982E+01  -0.1916191814597E-14   0.6948725407641E-03  -0.6948725407660E-03
    82   0.82000000E-11   0.2841901814688E-02   0.4414896652651E+08   0.4069729555982E+01   0.1270278370338E-14   0.6948725407642E-03  -0.6948725407629E-03
    83   0.83000000E-11   0.2846316711341E-02   0.4414896652651E+08   0.4069729555982E+01  -0.8804995578135E-14   0.6948725407688E-03  -0.6948725407776E-03
    84   0.84000000E-11   0.2850731607993E-02   0.4414896652651E+08   0.4069729555982E+01   0.1693279847934E-14   0.6948725407685E-03  -0.6948725407668E-03
    85   0.85000000E-11   0.2855146504646E-02   0.4414896652651E+08   0.4069729555982E+01  -0.5822707767333E-14   0.6948725407717E-03  -0.6948725407775E-03
    86   0.86000000E-11   0.2859561401299E-02   0.4414896652651E+08   0.4069729555982E+01  -0.1535075777430E-13   0.6948725407660E-03  -0.6948725407813E-03
    87   0.87000000E-11   0.2863976297951E-02   0.4414896652651E+08   0.4069729555982E+01  -0.1916191814597E-14   0.6948725407641E-03  -0.6948725407660E-03
    88   0.88000000E-11   0.2868391194604E-02   0.4414896652651E+08   0.4069729555982E+01   0.1270278370338E-14   0.6948725407642E-03  -0.6948725407629E-03
    89   0.89000000E-11   0.2872806091257E-02   0.4414896652651E+08   0.4069729555982E+01  -0.8804995578135E-14   0.6948725407688E-03  -0.6948725407776E-03
    90   0.90000000E-11   0.2877220987909E-02   0.4414896652651E+08   0.4069729555982E+01   0.1693279847934E-14   0.6948725407685E-03  -0.6948725407668E-03
    91   0.91000000E-11   0.2881635884562E-02   0.4414896652651E+08   0.4069729555982E+01  -0.5822707767333E-14   0.6948725407717E-03  -0.6948725407775E-03
    92   0.92000000E-11   0.2886050781215E-02   0.4414896652651E+08   0.4069729555982E+01  -0.1535075777430E-13   0.6948725407660E-03  -0.6948725407813E-03
    93   0.93000000E-11   0.2890465677867E-02   0.4414896652651E+08   0.4069729555982E+01  -0.1916191814597E-14   0.6948725407641E-03  -0.6948725407660E-03
    94   0.94000000E-11   0.2894880574520E-02   0.4414896652651E+08   0.4069729555982E+01   0.1270278370338E-14   0.6948725407642E-03  -0.6948725407629E-03
    95   0.95000000E-11   0.2899295471172E-02   0.4414896652651E+08   0.4069729555982E+01  -0.8804995578135E-14   0.6948725407688E-03  -0.6948725407776E-03
    96   0.96000000E-11   0.2903710367825E-02   0.4414896652651E+08   0.4069729555982E+01   0.1693279847934E-14   0.6948725407685E-03  -0.6948725407668E-03
    97   0.97000000E-11   0.2908125264478E-02   0.4414896652651E+08   0.4069729555982E+01  -0.5822707767333E-14   0.6948725407717E-03  -0.6948725407775E-03
    98   0.98000000E-11   0.2912540161130E-02   0.4414896652651E+08   0.4069729555982E+01  -0.1535075777430E-13   0.6948725407660E-03  -0.6948725407813E-03
    99   0.99000000E-11   0.2916955057783E-02   0.4414896652651E+08   0.4069729555982E+01  -0.1916191814597E-14   0.6948725407641E-03  -0.6948725407660E-03
   100   0.10000000E-10   0.2921369954436E-02   0.4414896652651E+08   0.4069729555982E+01   0.1270278370338E-14   0.6948725407642E-03  -0.6948725407629E-03
