#
#
#   Plasma Parameters
#    electron and ion temp [keV]:   0.3000D+01   0.3000D+01
#    number density nb   [cm^-3]:   0.1250D+26   0.4167D+25  0.1250D+26  0.0000D+00
#    mass array mb         [amu]:   0.5486D-03   0.2015D+01  0.3022D+01  0.1007D+01
#    mass array mb         [keV]:   0.5110D+03   0.1877D+07  0.2815D+07  0.9383D+06
#    charge array zb            :  -0.1000D+01   0.1000D+01  0.1000D+01  0.1000D+01
#
#
#   Projectile Parameters
#    charge      :   0.2000D+01
#    mass   [amu]:   0.4029D+01
#    mass   [keV]:   0.3753D+07
#    energy [keV]:   0.3540D+04
#  ne[cm^-3]    Te[keV]    Ti[keV]        ge       gi          etae         ze/2**1.5
#  0.1000D+26  0.3000D+01  0.3000D+01  0.4168D-02  0.2779D-02  0.9524D-01  0.4453D-02
# ab  =  0.1607D+00  0.5900D+03  0.8850D+03
# etab=  0.3359D+00  0.3359D+00  0.3359D+00
#    j tt [s]             xt [cm]                 vt [cm/s]           E_p [keV]             dedx_tot [MeV/mu-m]   dedx_i                dedx_e
     0   0.00000000E+00   0.0000000000000E+00   0.1302085185220E+10   0.3540000000000E+04   0.2060188958784E+00   0.3897474887481E-02   0.2021214209909E+00
     1   0.10000000E-12   0.1278470514260E-03   0.1253487675739E+10   0.3280685532463E+04   0.1996710548770E+00   0.4186851810741E-02   0.1954842030663E+00
     2   0.20000000E-12   0.2509073587210E-03   0.1206395273113E+10   0.3038811214744E+04   0.1934544617184E+00   0.4499536067792E-02   0.1889549256506E+00
     3   0.30000000E-12   0.3693298788885E-03   0.1160775456422E+10   0.2813331443956E+04   0.1873783577677E+00   0.4837502322047E-02   0.1825408554456E+00
     4   0.40000000E-12   0.4832602132936E-03   0.1116593593314E+10   0.2603243124729E+04   0.1814510946887E+00   0.5202916188105E-02   0.1762481785006E+00
     5   0.50000000E-12   0.5928404074968E-03   0.1073813183344E+10   0.2407586668463E+04   0.1756799187312E+00   0.5598158491360E-02   0.1700817602399E+00
     6   0.60000000E-12   0.6982087765536E-03   0.1032396098870E+10   0.2225446592685E+04   0.1700711627305E+00   0.6025853840617E-02   0.1640453088899E+00
     7   0.70000000E-12   0.7994980322112E-03   0.9922629382711E+09   0.2055786489797E+04   0.1648030751934E+00   0.6489390682788E-02   0.1583136845106E+00
     8   0.80000000E-12   0.8968361857675E-03   0.9534156503085E+09   0.1897968585742E+04   0.1594983726858E+00   0.6991577931832E-02   0.1525067947540E+00
     9   0.90000000E-12   0.9903503474757E-03   0.9158174562918E+09   0.1751226422955E+04   0.1543773559065E+00   0.7535928753373E-02   0.1468414271531E+00
    10   0.10000000E-11   0.1080163290591E-02   0.8794240465323E+09   0.1614808920606E+04   0.1494428234121E+00   0.8126453988055E-02   0.1413163694240E+00
    11   0.11000000E-11   0.1166393325545E-02   0.8441904578933E+09   0.1488008268697E+04   0.1446974112712E+00   0.8767657027169E-02   0.1359297542440E+00
    12   0.12000000E-11   0.1249154236073E-02   0.8100710988802E+09   0.1370158290171E+04   0.1401437526526E+00   0.9464620324708E-02   0.1306791323279E+00
    13   0.13000000E-11   0.1328555215800E-02   0.7770197301750E+09   0.1260632675846E+04   0.1357846436031E+00   0.1022311018420E-01   0.1255615334189E+00
    14   0.14000000E-11   0.1404700801640E-02   0.7449894292131E+09   0.1158843229505E+04   0.1316230541398E+00   0.1104970873963E-01   0.1205733454001E+00
    15   0.15000000E-11   0.1477690801947E-02   0.7139324973397E+09   0.1064238016559E+04   0.1276625212309E+00   0.1195197790259E-01   0.1157105433283E+00
    16   0.16000000E-11   0.1547620212231E-02   0.6838003215525E+09   0.9762995027362E+03   0.1239072127830E+00   0.1293866857170E-01   0.1109685442113E+00
    17   0.17000000E-11   0.1614579115352E-02   0.6545431885116E+09   0.8945427129096E+03   0.1203622297812E+00   0.1401998713258E-01   0.1063422426486E+00
    18   0.18000000E-11   0.1678652559604E-02   0.6261100253451E+09   0.8185133786350E+03   0.1170339304578E+00   0.1520794040119E-01   0.1018259900566E+00
    19   0.19000000E-11   0.1739920406803E-02   0.5984480526534E+09   0.7477860911367E+03   0.1139303421920E+00   0.1651678749219E-01   0.9741355469984E-01
    20   0.20000000E-11   0.1798457140458E-02   0.5715023240728E+09   0.6819624595570E+03   0.1110617122032E+00   0.1796363939804E-01   0.9309807280518E-01
    21   0.21000000E-11   0.1854331621025E-02   0.5452151166244E+09   0.6206692704975E+03   0.1084412225879E+00   0.1956926665099E-01   0.8887195593694E-01
    22   0.22000000E-11   0.1907606770935E-02   0.5195251171047E+09   0.5635566314891E+03   0.1060860197763E+00   0.2135920596725E-01   0.8472681380905E-01
    23   0.23000000E-11   0.1958339165287E-02   0.4943663320926E+09   0.5102960883319E+03   0.1040184269046E+00   0.2336530502255E-01   0.8065312188203E-01
    24   0.24000000E-11   0.2006578497314E-02   0.4696666227828E+09   0.4605787134951E+03   0.1022681418086E+00   0.2562792468949E-01   0.7664021711910E-01
    25   0.25000000E-11   0.2052366869274E-02   0.4453456376419E+09   0.4141130072559E+03   0.1008749570875E+00   0.2819915694074E-01   0.7267580014680E-01
    26   0.26000000E-11   0.2095737840328E-02   0.4213119282275E+09   0.3706226670078E+03   0.9989312577750E-01   0.3114765909576E-01   0.6874546668173E-01
    27   0.27000000E-11   0.2136715127887E-02   0.3974587649896E+09   0.3298440271326E+03   0.9939813586448E-01   0.3456615235139E-01   0.6483198351309E-01
    28   0.28000000E-11   0.2175310799078E-02   0.3736578912157E+09   0.2915229725796E+03   0.9949768406900E-01   0.3858349898958E-01   0.6091418507942E-01
    29   0.29000000E-11   0.2211522687296E-02   0.3497498596716E+09   0.2554109806590E+03   0.1003502889729E+00   0.4338503619066E-01   0.5696525278229E-01
    30   0.30000000E-11   0.2245330582824E-02   0.3255284040589E+09   0.2212596620882E+03   0.1021986936611E+00   0.4924879631570E-01   0.5294989734535E-01
    31   0.31000000E-11   0.2276690383325E-02   0.3007136913567E+09   0.1888125555106E+03   0.1054343786222E+00   0.5661488657918E-01   0.4881949204307E-01
    32   0.32000000E-11   0.2305524607933E-02   0.2749026989605E+09   0.1577910892504E+03   0.1107361662362E+00   0.6623322480446E-01   0.4450294143178E-01
    33   0.33000000E-11   0.2331705900295E-02   0.2474705198083E+09   0.1278708075314E+03   0.1193814377084E+00   0.7949350603069E-01   0.3988793167774E-01
    34   0.34000000E-11   0.2355025446083E-02   0.2173397659049E+09   0.9862859730578E+02   0.1341611446700E+00   0.9938390256035E-01   0.3477724210961E-01
    35   0.35000000E-11   0.2375122724528E-02   0.1823428352641E+09   0.6942275965880E+02   0.1625209214228E+00   0.1337610115968E+00   0.2875990982603E-01
    36   0.36000000E-11   0.2391286832857E-02   0.1367216538291E+09   0.3903004688330E+02   0.2339315802107E+00   0.2132751559804E+00   0.2065642423029E-01
    37   0.37000000E-11   0.2401616637811E-02   0.5989275457222E+08   0.7489848648295E+01   0.3428422196531E+00   0.3392364209230E+00   0.3605798730074E-02
    38   0.38000000E-11   0.2406087630987E-02   0.4148305476754E+08   0.3593072054250E+01   0.9150287341923E-04   0.2055457963118E-02  -0.1963955089698E-02
    39   0.39000000E-11   0.2410235694114E-02   0.4148028005402E+08   0.3592591404394E+01   0.5328090395967E-08   0.1964907755457E-02  -0.1964902427366E-02
    40   0.40000000E-11   0.2414383722105E-02   0.4148027989246E+08   0.3592591376408E+01   0.3151004847671E-12   0.1964902482848E-02  -0.1964902482533E-02
    41   0.41000000E-11   0.2418531750094E-02   0.4148027989245E+08   0.3592591376407E+01   0.2901975534875E-14   0.1964902482555E-02  -0.1964902482552E-02
    42   0.42000000E-11   0.2422679778083E-02   0.4148027989245E+08   0.3592591376407E+01   0.2901975534875E-14   0.1964902482555E-02  -0.1964902482552E-02
    43   0.43000000E-11   0.2426827806073E-02   0.4148027989245E+08   0.3592591376407E+01   0.2901975534875E-14   0.1964902482555E-02  -0.1964902482552E-02
    44   0.44000000E-11   0.2430975834062E-02   0.4148027989245E+08   0.3592591376407E+01   0.2901975534875E-14   0.1964902482555E-02  -0.1964902482552E-02
    45   0.45000000E-11   0.2435123862051E-02   0.4148027989245E+08   0.3592591376407E+01   0.2901975534875E-14   0.1964902482555E-02  -0.1964902482552E-02
    46   0.46000000E-11   0.2439271890040E-02   0.4148027989245E+08   0.3592591376407E+01   0.2901975534875E-14   0.1964902482555E-02  -0.1964902482552E-02
    47   0.47000000E-11   0.2443419918030E-02   0.4148027989245E+08   0.3592591376407E+01   0.2901975534875E-14   0.1964902482555E-02  -0.1964902482552E-02
    48   0.48000000E-11   0.2447567946019E-02   0.4148027989245E+08   0.3592591376407E+01   0.2901975534875E-14   0.1964902482555E-02  -0.1964902482552E-02
    49   0.49000000E-11   0.2451715974008E-02   0.4148027989245E+08   0.3592591376407E+01   0.2901975534875E-14   0.1964902482555E-02  -0.1964902482552E-02
    50   0.50000000E-11   0.2455864001997E-02   0.4148027989245E+08   0.3592591376407E+01   0.2901975534875E-14   0.1964902482555E-02  -0.1964902482552E-02
    51   0.51000000E-11   0.2460012029987E-02   0.4148027989245E+08   0.3592591376407E+01   0.2901975534875E-14   0.1964902482555E-02  -0.1964902482552E-02
    52   0.52000000E-11   0.2464160057976E-02   0.4148027989245E+08   0.3592591376407E+01   0.2901975534875E-14   0.1964902482555E-02  -0.1964902482552E-02
    53   0.53000000E-11   0.2468308085965E-02   0.4148027989245E+08   0.3592591376407E+01   0.2901975534875E-14   0.1964902482555E-02  -0.1964902482552E-02
    54   0.54000000E-11   0.2472456113954E-02   0.4148027989245E+08   0.3592591376407E+01   0.2901975534875E-14   0.1964902482555E-02  -0.1964902482552E-02
    55   0.55000000E-11   0.2476604141944E-02   0.4148027989245E+08   0.3592591376407E+01   0.2901975534875E-14   0.1964902482555E-02  -0.1964902482552E-02
    56   0.56000000E-11   0.2480752169933E-02   0.4148027989245E+08   0.3592591376407E+01   0.2901975534875E-14   0.1964902482555E-02  -0.1964902482552E-02
    57   0.57000000E-11   0.2484900197922E-02   0.4148027989245E+08   0.3592591376407E+01   0.2901975534875E-14   0.1964902482555E-02  -0.1964902482552E-02
    58   0.58000000E-11   0.2489048225911E-02   0.4148027989245E+08   0.3592591376407E+01   0.2901975534875E-14   0.1964902482555E-02  -0.1964902482552E-02
    59   0.59000000E-11   0.2493196253901E-02   0.4148027989245E+08   0.3592591376407E+01   0.2901975534875E-14   0.1964902482555E-02  -0.1964902482552E-02
    60   0.60000000E-11   0.2497344281890E-02   0.4148027989245E+08   0.3592591376407E+01   0.2901975534875E-14   0.1964902482555E-02  -0.1964902482552E-02
    61   0.61000000E-11   0.2501492309879E-02   0.4148027989245E+08   0.3592591376407E+01   0.2901975534875E-14   0.1964902482555E-02  -0.1964902482552E-02
    62   0.62000000E-11   0.2505640337868E-02   0.4148027989245E+08   0.3592591376407E+01   0.2901975534875E-14   0.1964902482555E-02  -0.1964902482552E-02
    63   0.63000000E-11   0.2509788365858E-02   0.4148027989245E+08   0.3592591376407E+01   0.2901975534875E-14   0.1964902482555E-02  -0.1964902482552E-02
    64   0.64000000E-11   0.2513936393847E-02   0.4148027989245E+08   0.3592591376407E+01   0.2901975534875E-14   0.1964902482555E-02  -0.1964902482552E-02
    65   0.65000000E-11   0.2518084421836E-02   0.4148027989245E+08   0.3592591376407E+01   0.2901975534875E-14   0.1964902482555E-02  -0.1964902482552E-02
    66   0.66000000E-11   0.2522232449825E-02   0.4148027989245E+08   0.3592591376407E+01   0.2901975534875E-14   0.1964902482555E-02  -0.1964902482552E-02
    67   0.67000000E-11   0.2526380477815E-02   0.4148027989245E+08   0.3592591376407E+01   0.2901975534875E-14   0.1964902482555E-02  -0.1964902482552E-02
    68   0.68000000E-11   0.2530528505804E-02   0.4148027989245E+08   0.3592591376407E+01   0.2901975534875E-14   0.1964902482555E-02  -0.1964902482552E-02
    69   0.69000000E-11   0.2534676533793E-02   0.4148027989245E+08   0.3592591376407E+01   0.2901975534875E-14   0.1964902482555E-02  -0.1964902482552E-02
    70   0.70000000E-11   0.2538824561782E-02   0.4148027989245E+08   0.3592591376407E+01   0.2901975534875E-14   0.1964902482555E-02  -0.1964902482552E-02
    71   0.71000000E-11   0.2542972589772E-02   0.4148027989245E+08   0.3592591376407E+01   0.2901975534875E-14   0.1964902482555E-02  -0.1964902482552E-02
    72   0.72000000E-11   0.2547120617761E-02   0.4148027989245E+08   0.3592591376407E+01   0.2901975534875E-14   0.1964902482555E-02  -0.1964902482552E-02
    73   0.73000000E-11   0.2551268645750E-02   0.4148027989245E+08   0.3592591376407E+01   0.2901975534875E-14   0.1964902482555E-02  -0.1964902482552E-02
    74   0.74000000E-11   0.2555416673739E-02   0.4148027989245E+08   0.3592591376407E+01   0.2901975534875E-14   0.1964902482555E-02  -0.1964902482552E-02
    75   0.75000000E-11   0.2559564701729E-02   0.4148027989245E+08   0.3592591376407E+01   0.2901975534875E-14   0.1964902482555E-02  -0.1964902482552E-02
    76   0.76000000E-11   0.2563712729718E-02   0.4148027989245E+08   0.3592591376407E+01   0.2901975534875E-14   0.1964902482555E-02  -0.1964902482552E-02
    77   0.77000000E-11   0.2567860757707E-02   0.4148027989245E+08   0.3592591376407E+01   0.2901975534875E-14   0.1964902482555E-02  -0.1964902482552E-02
    78   0.78000000E-11   0.2572008785696E-02   0.4148027989245E+08   0.3592591376407E+01   0.2901975534875E-14   0.1964902482555E-02  -0.1964902482552E-02
    79   0.79000000E-11   0.2576156813685E-02   0.4148027989245E+08   0.3592591376407E+01   0.2901975534875E-14   0.1964902482555E-02  -0.1964902482552E-02
    80   0.80000000E-11   0.2580304841675E-02   0.4148027989245E+08   0.3592591376407E+01   0.2901975534875E-14   0.1964902482555E-02  -0.1964902482552E-02
    81   0.81000000E-11   0.2584452869664E-02   0.4148027989245E+08   0.3592591376407E+01   0.2901975534875E-14   0.1964902482555E-02  -0.1964902482552E-02
    82   0.82000000E-11   0.2588600897653E-02   0.4148027989245E+08   0.3592591376407E+01   0.2901975534875E-14   0.1964902482555E-02  -0.1964902482552E-02
    83   0.83000000E-11   0.2592748925642E-02   0.4148027989245E+08   0.3592591376407E+01   0.2901975534875E-14   0.1964902482555E-02  -0.1964902482552E-02
    84   0.84000000E-11   0.2596896953632E-02   0.4148027989245E+08   0.3592591376407E+01   0.2901975534875E-14   0.1964902482555E-02  -0.1964902482552E-02
    85   0.85000000E-11   0.2601044981621E-02   0.4148027989245E+08   0.3592591376407E+01   0.2901975534875E-14   0.1964902482555E-02  -0.1964902482552E-02
    86   0.86000000E-11   0.2605193009610E-02   0.4148027989245E+08   0.3592591376407E+01   0.2901975534875E-14   0.1964902482555E-02  -0.1964902482552E-02
    87   0.87000000E-11   0.2609341037599E-02   0.4148027989245E+08   0.3592591376407E+01   0.2901975534875E-14   0.1964902482555E-02  -0.1964902482552E-02
    88   0.88000000E-11   0.2613489065589E-02   0.4148027989245E+08   0.3592591376407E+01   0.2901975534875E-14   0.1964902482555E-02  -0.1964902482552E-02
    89   0.89000000E-11   0.2617637093578E-02   0.4148027989245E+08   0.3592591376407E+01   0.2901975534875E-14   0.1964902482555E-02  -0.1964902482552E-02
    90   0.90000000E-11   0.2621785121567E-02   0.4148027989245E+08   0.3592591376407E+01   0.2901975534875E-14   0.1964902482555E-02  -0.1964902482552E-02
    91   0.91000000E-11   0.2625933149556E-02   0.4148027989245E+08   0.3592591376407E+01   0.2901975534875E-14   0.1964902482555E-02  -0.1964902482552E-02
    92   0.92000000E-11   0.2630081177546E-02   0.4148027989245E+08   0.3592591376407E+01   0.2901975534875E-14   0.1964902482555E-02  -0.1964902482552E-02
    93   0.93000000E-11   0.2634229205535E-02   0.4148027989245E+08   0.3592591376407E+01   0.2901975534875E-14   0.1964902482555E-02  -0.1964902482552E-02
    94   0.94000000E-11   0.2638377233524E-02   0.4148027989245E+08   0.3592591376407E+01   0.2901975534875E-14   0.1964902482555E-02  -0.1964902482552E-02
    95   0.95000000E-11   0.2642525261513E-02   0.4148027989245E+08   0.3592591376407E+01   0.2901975534875E-14   0.1964902482555E-02  -0.1964902482552E-02
    96   0.96000000E-11   0.2646673289503E-02   0.4148027989245E+08   0.3592591376407E+01   0.2901975534875E-14   0.1964902482555E-02  -0.1964902482552E-02
    97   0.97000000E-11   0.2650821317492E-02   0.4148027989245E+08   0.3592591376407E+01   0.2901975534875E-14   0.1964902482555E-02  -0.1964902482552E-02
    98   0.98000000E-11   0.2654969345481E-02   0.4148027989245E+08   0.3592591376407E+01   0.2901975534875E-14   0.1964902482555E-02  -0.1964902482552E-02
    99   0.99000000E-11   0.2659117373470E-02   0.4148027989245E+08   0.3592591376407E+01   0.2901975534875E-14   0.1964902482555E-02  -0.1964902482552E-02
   100   0.10000000E-10   0.2663265401460E-02   0.4148027989245E+08   0.3592591376407E+01   0.2901975534875E-14   0.1964902482555E-02  -0.1964902482552E-02
