#
#
#   Plasma Parameters
#    electron and ion temp [keV]:   0.3000D+01   0.3000D+01
#    number density nb   [cm^-3]:   0.1000D+26   0.5000D+25  0.5000D+25
#    mass array mb         [amu]:   0.5486D-03   0.2015D+01  0.3022D+01
#    mass array mb         [keV]:   0.5110D+03   0.1877D+07  0.2815D+07
#    charge array zb            :  -0.1000D+01   0.1000D+01  0.1000D+01
#
#
#   Projectile Parameters
#    charge      :   0.2000D+01
#    mass   [amu]:   0.4029D+01
#    mass   [keV]:   0.3753D+07
#    energy [keV]:   0.3540D+04
#  ne[cm^-3]    Te[keV]    Ti[keV]        ge       gi          etae         ze/2**1.5
#  0.1000D+26  0.3000D+01  0.3000D+01  0.3728D-02  0.2636D-02  0.9524D-01  0.3563D-02
# ab  =  0.1607D+00  0.5900D+03  0.8850D+03
# etab=  0.3359D+00  0.3359D+00  0.3359D+00
#    j tt [s]             xt [cm]                 vt [cm/s]           E_p [keV]             dedx_tot [MeV/mu-m]   dedx_i                dedx_e
     0   0.00000000E+00   0.0000000000000E+00   0.1302085185220E+10   0.3540000000000E+04   0.1695968218070E+00   0.2609361376845E-02   0.1669874604302E+00
     1   0.10000000E-12   0.1282613477554E-03   0.1261977440316E+10   0.3325275629053E+04   0.1652445035645E+00   0.2767753033784E-02   0.1624767505307E+00
     2   0.20000000E-12   0.2525620466795E-03   0.1222903898788E+10   0.3122548020296E+04   0.1609624507703E+00   0.2936518781933E-02   0.1580259319884E+00
     3   0.30000000E-12   0.3730046872514E-03   0.1184847213840E+10   0.2931225094390E+04   0.1567549869100E+00   0.3116362565402E-02   0.1536386243446E+00
     4   0.40000000E-12   0.4896900769688E-03   0.1147789050049E+10   0.2750734162914E+04   0.1526261683865E+00   0.3308040084050E-02   0.1493181283025E+00
     5   0.50000000E-12   0.6027171444561E-03   0.1111710154613E+10   0.2580522273496E+04   0.1485795506792E+00   0.3512365497637E-02   0.1450671851815E+00
     6   0.60000000E-12   0.7121828533746E-03   0.1076590470083E+10   0.2420056631796E+04   0.1446182918458E+00   0.3730216410121E-02   0.1408880754357E+00
     7   0.70000000E-12   0.8181821264568E-03   0.1042409226179E+10   0.2268824795866E+04   0.1407451801091E+00   0.3962538883722E-02   0.1367826412254E+00
     8   0.80000000E-12   0.9208073224476E-03   0.1009125799306E+10   0.2126253716422E+04   0.1371152925780E+00   0.4210506882967E-02   0.1329047856950E+00
     9   0.90000000E-12   0.1020146412368E-02   0.9767233223754E+09   0.1991900234557E+04   0.1333987828511E+00   0.4475229129774E-02   0.1289235537213E+00
    10   0.10000000E-11   0.1116287915107E-02   0.9451994299416E+09   0.1865397407309E+04   0.1297809517359E+00   0.4757760525939E-02   0.1250231912100E+00
    11   0.11000000E-11   0.1209318543005E-02   0.9145303680592E+09   0.1746307540847E+04   0.1262628291941E+00   0.5059410911215E-02   0.1212034182828E+00
    12   0.12000000E-11   0.1299322621356E-02   0.8846921408579E+09   0.1634213542921E+04   0.1228454319650E+00   0.5381609070066E-02   0.1174638228950E+00
    13   0.13000000E-11   0.1386382064540E-02   0.8556605238815E+09   0.1528718280998E+04   0.1195296456831E+00   0.5725916558095E-02   0.1138037291250E+00
    14   0.14000000E-11   0.1470576354496E-02   0.8274110886729E+09   0.1429443981521E+04   0.1163162912513E+00   0.6094045315068E-02   0.1102222459363E+00
    15   0.15000000E-11   0.1551982520974E-02   0.7999192148149E+09   0.1336031583517E+04   0.1132061552256E+00   0.6487877311505E-02   0.1067182779141E+00
    16   0.16000000E-11   0.1630675122350E-02   0.7731600883628E+09   0.1248140055327E+04   0.1102000501226E+00   0.6909489041296E-02   0.1032905610813E+00
    17   0.17000000E-11   0.1706726226907E-02   0.7471087157045E+09   0.1165445776895E+04   0.1072987409114E+00   0.7361179082830E-02   0.9993756182854E-01
    18   0.18000000E-11   0.1780205393664E-02   0.7217398934049E+09   0.1087641797625E+04   0.1045031547503E+00   0.7845502688484E-02   0.9665765206182E-01
    19   0.19000000E-11   0.1851179650446E-02   0.6970281891681E+09   0.1014437163571E+04   0.1018143125155E+00   0.8365311228778E-02   0.9344900128677E-01
    20   0.20000000E-11   0.1919713469453E-02   0.6729479071286E+09   0.9455562298572E+03   0.9923340886171E-01   0.8923801826151E-02   0.9030960703556E-01
    21   0.21000000E-11   0.1985868738673E-02   0.6494730392368E+09   0.8807379736347E+03   0.9676187539324E-01   0.9524575794449E-02   0.8723729959879E-01
    22   0.22000000E-11   0.2049704727695E-02   0.6265772008443E+09   0.8197353110169E+03   0.9440144883318E-01   0.1017171123378E-01   0.8422973759940E-01
    23   0.23000000E-11   0.2111278046202E-02   0.6042335478250E+09   0.7623144202374E+03   0.9215425887852E-01   0.1086985269505E-01   0.8128440618347E-01
    24   0.24000000E-11   0.2170642593153E-02   0.5824146714329E+09   0.7082540718025E+03   0.9002292678310E-01   0.1162432065299E-01   0.7839860613010E-01
    25   0.25000000E-11   0.2227849494166E-02   0.5610924659540E+09   0.6573449657918E+03   0.8801069546222E-01   0.1244125024297E-01   0.7556944521925E-01
    26   0.26000000E-11   0.2282947024113E-02   0.5402379627071E+09   0.6093890758653E+03   0.8612158548564E-01   0.1332776738588E-01   0.7279381809976E-01
    27   0.27000000E-11   0.2335980511140E-02   0.5198211204291E+09   0.5641989956516E+03   0.8436062229150E-01   0.1429220946751E-01   0.7006841282399E-01
    28   0.28000000E-11   0.2386992216949E-02   0.4998105620127E+09   0.5215972890947E+03   0.8273397122284E-01   0.1534441629312E-01   0.6738955492972E-01
    29   0.29000000E-11   0.2436021188832E-02   0.4801732557262E+09   0.4814158686787E+03   0.8124945770246E-01   0.1649610354310E-01   0.6475335415936E-01
    30   0.30000000E-11   0.2483103073593E-02   0.4608740761438E+09   0.4434953052289E+03   0.7991687618533E-01   0.1776136196968E-01   0.6215551421564E-01
    31   0.31000000E-11   0.2528269883329E-02   0.4418752640060E+09   0.4076841694838E+03   0.7874862692831E-01   0.1915732627398E-01   0.5959130065433E-01
    32   0.32000000E-11   0.2571549699282E-02   0.4231357158715E+09   0.3738383369354E+03   0.7776051519213E-01   0.2070509037495E-01   0.5705542481717E-01
    33   0.33000000E-11   0.2612966294203E-02   0.4046100433922E+09   0.3418202475330E+03   0.7697289678988E-01   0.2243097714763E-01   0.5454191964225E-01
    34   0.34000000E-11   0.2652538645920E-02   0.3862473086844E+09   0.3114980981527E+03   0.7641229426923E-01   0.2436834352759E-01   0.5204395074164E-01
    35   0.35000000E-11   0.2690280303305E-02   0.3679892922587E+09   0.2827449326700E+03   0.7611375823397E-01   0.2656020265347E-01   0.4955355558049E-01
    36   0.36000000E-11   0.2726198547895E-02   0.3497680682695E+09   0.2554375756484E+03   0.7612443125480E-01   0.2906314112804E-01   0.4706129012676E-01
    37   0.37000000E-11   0.2760293265720E-02   0.3315025213491E+09   0.2294553237862E+03   0.7650906112370E-01   0.3195336560975E-01   0.4455569551395E-01
    38   0.38000000E-11   0.2792555396338E-02   0.3130931849115E+09   0.2046782502534E+03   0.7735893655217E-01   0.3533642453936E-01   0.4202251201281E-01
    39   0.39000000E-11   0.2822964743459E-02   0.2944143017994E+09   0.1809848710317E+03   0.7880698485978E-01   0.3936352001592E-01   0.3944346484386E-01
    40   0.40000000E-11   0.2851486753674E-02   0.2753004473630E+09   0.1582480258868E+03   0.8105756820911E-01   0.4426337986480E-01   0.3679418834431E-01
    41   0.41000000E-11   0.2878067680825E-02   0.2555266783058E+09   0.1363317362181E+03   0.8442543818524E-01   0.5038458726664E-01   0.3404085091861E-01
    42   0.42000000E-11   0.2902626889403E-02   0.2347679551925E+09   0.1150805957164E+03   0.8945924604879E-01   0.5832505117502E-01   0.3113419487377E-01
    43   0.43000000E-11   0.2925043568584E-02   0.2125223881243E+09   0.9430480939884E+02   0.9715869899503E-01   0.6916232056110E-01   0.2799637843393E-01
    44   0.44000000E-11   0.2945132108625E-02   0.1879422320145E+09   0.7375190240314E+02   0.1096224553622E+00   0.8513035596130E-01   0.2449209940093E-01
    45   0.45000000E-11   0.2962589648653E-02   0.1593849624128E+09   0.5304191014022E+02   0.1320825492515E+00   0.1117364461895E+00   0.2034610306199E-01
    46   0.46000000E-11   0.2976860930332E-02   0.1229488283181E+09   0.3156263517338E+02   0.1809018183574E+00   0.1660815247959E+00   0.1482029356152E-01
    47   0.47000000E-11   0.2986746670818E-02   0.6969477317889E+08   0.1014202985825E+02   0.2465303968465E+00   0.2413372784852E+00   0.5193118361328E-02
    48   0.48000000E-11   0.2991838406478E-02   0.4217777775016E+08   0.3714427233209E+01   0.1000878095042E-01   0.1138088801844E-01  -0.1372107068024E-02
    49   0.49000000E-11   0.2996015444189E-02   0.4166256613119E+08   0.3624236240671E+01   0.5863724798462E-04   0.1577771652496E-02  -0.1519134404511E-02
    50   0.50000000E-11   0.3000181464436E-02   0.4165958164535E+08   0.3623717017044E+01   0.3349708241144E-06   0.1520325799035E-02  -0.1519990828211E-02
    51   0.51000000E-11   0.3004347421250E-02   0.4165956459724E+08   0.3623714051220E+01   0.1913296532167E-08   0.1519997633761E-02  -0.1519995720464E-02
    52   0.52000000E-11   0.3008513377702E-02   0.4165956449986E+08   0.3623714034279E+01   0.1091465849992E-10   0.1519995759340E-02  -0.1519995748426E-02
    53   0.53000000E-11   0.3012679334152E-02   0.4165956449931E+08   0.3623714034183E+01   0.3473100713275E-13   0.1519995748639E-02  -0.1519995748604E-02
    54   0.54000000E-11   0.3016845290602E-02   0.4165956449930E+08   0.3623714034182E+01  -0.7509834767938E-14   0.1519995748580E-02  -0.1519995748587E-02
    55   0.55000000E-11   0.3021011247052E-02   0.4165956449931E+08   0.3623714034182E+01  -0.1008470650737E-13   0.1519995748582E-02  -0.1519995748592E-02
    56   0.56000000E-11   0.3025177203502E-02   0.4165956449930E+08   0.3623714034182E+01  -0.7509834767938E-14   0.1519995748580E-02  -0.1519995748587E-02
    57   0.57000000E-11   0.3029343159952E-02   0.4165956449931E+08   0.3623714034182E+01  -0.1008470650737E-13   0.1519995748582E-02  -0.1519995748592E-02
    58   0.58000000E-11   0.3033509116402E-02   0.4165956449930E+08   0.3623714034182E+01  -0.7509834767938E-14   0.1519995748580E-02  -0.1519995748587E-02
    59   0.59000000E-11   0.3037675072852E-02   0.4165956449931E+08   0.3623714034182E+01  -0.1008470650737E-13   0.1519995748582E-02  -0.1519995748592E-02
    60   0.60000000E-11   0.3041841029301E-02   0.4165956449930E+08   0.3623714034182E+01  -0.7509834767938E-14   0.1519995748580E-02  -0.1519995748587E-02
    61   0.61000000E-11   0.3046006985751E-02   0.4165956449931E+08   0.3623714034182E+01  -0.1008470650737E-13   0.1519995748582E-02  -0.1519995748592E-02
    62   0.62000000E-11   0.3050172942201E-02   0.4165956449930E+08   0.3623714034182E+01  -0.7509834767938E-14   0.1519995748580E-02  -0.1519995748587E-02
    63   0.63000000E-11   0.3054338898651E-02   0.4165956449931E+08   0.3623714034182E+01  -0.1008470650737E-13   0.1519995748582E-02  -0.1519995748592E-02
    64   0.64000000E-11   0.3058504855101E-02   0.4165956449930E+08   0.3623714034182E+01  -0.7509834767938E-14   0.1519995748580E-02  -0.1519995748587E-02
    65   0.65000000E-11   0.3062670811551E-02   0.4165956449931E+08   0.3623714034182E+01  -0.1008470650737E-13   0.1519995748582E-02  -0.1519995748592E-02
    66   0.66000000E-11   0.3066836768001E-02   0.4165956449930E+08   0.3623714034182E+01  -0.7509834767938E-14   0.1519995748580E-02  -0.1519995748587E-02
    67   0.67000000E-11   0.3071002724451E-02   0.4165956449931E+08   0.3623714034182E+01  -0.1008470650737E-13   0.1519995748582E-02  -0.1519995748592E-02
    68   0.68000000E-11   0.3075168680901E-02   0.4165956449930E+08   0.3623714034182E+01  -0.7509834767938E-14   0.1519995748580E-02  -0.1519995748587E-02
    69   0.69000000E-11   0.3079334637351E-02   0.4165956449931E+08   0.3623714034182E+01  -0.1008470650737E-13   0.1519995748582E-02  -0.1519995748592E-02
    70   0.70000000E-11   0.3083500593801E-02   0.4165956449930E+08   0.3623714034182E+01  -0.7509834767938E-14   0.1519995748580E-02  -0.1519995748587E-02
    71   0.71000000E-11   0.3087666550251E-02   0.4165956449931E+08   0.3623714034182E+01  -0.1008470650737E-13   0.1519995748582E-02  -0.1519995748592E-02
    72   0.72000000E-11   0.3091832506701E-02   0.4165956449930E+08   0.3623714034182E+01  -0.7509834767938E-14   0.1519995748580E-02  -0.1519995748587E-02
    73   0.73000000E-11   0.3095998463151E-02   0.4165956449931E+08   0.3623714034182E+01  -0.1008470650737E-13   0.1519995748582E-02  -0.1519995748592E-02
    74   0.74000000E-11   0.3100164419601E-02   0.4165956449930E+08   0.3623714034182E+01  -0.7509834767938E-14   0.1519995748580E-02  -0.1519995748587E-02
    75   0.75000000E-11   0.3104330376050E-02   0.4165956449931E+08   0.3623714034182E+01  -0.1008470650737E-13   0.1519995748582E-02  -0.1519995748592E-02
    76   0.76000000E-11   0.3108496332500E-02   0.4165956449930E+08   0.3623714034182E+01  -0.7509834767938E-14   0.1519995748580E-02  -0.1519995748587E-02
    77   0.77000000E-11   0.3112662288950E-02   0.4165956449931E+08   0.3623714034182E+01  -0.1008470650737E-13   0.1519995748582E-02  -0.1519995748592E-02
    78   0.78000000E-11   0.3116828245400E-02   0.4165956449930E+08   0.3623714034182E+01  -0.7509834767938E-14   0.1519995748580E-02  -0.1519995748587E-02
    79   0.79000000E-11   0.3120994201850E-02   0.4165956449931E+08   0.3623714034182E+01  -0.1008470650737E-13   0.1519995748582E-02  -0.1519995748592E-02
    80   0.80000000E-11   0.3125160158300E-02   0.4165956449930E+08   0.3623714034182E+01  -0.7509834767938E-14   0.1519995748580E-02  -0.1519995748587E-02
    81   0.81000000E-11   0.3129326114750E-02   0.4165956449931E+08   0.3623714034182E+01  -0.1008470650737E-13   0.1519995748582E-02  -0.1519995748592E-02
    82   0.82000000E-11   0.3133492071200E-02   0.4165956449930E+08   0.3623714034182E+01  -0.7509834767938E-14   0.1519995748580E-02  -0.1519995748587E-02
    83   0.83000000E-11   0.3137658027650E-02   0.4165956449931E+08   0.3623714034182E+01  -0.1008470650737E-13   0.1519995748582E-02  -0.1519995748592E-02
    84   0.84000000E-11   0.3141823984100E-02   0.4165956449930E+08   0.3623714034182E+01  -0.7509834767938E-14   0.1519995748580E-02  -0.1519995748587E-02
    85   0.85000000E-11   0.3145989940550E-02   0.4165956449931E+08   0.3623714034182E+01  -0.1008470650737E-13   0.1519995748582E-02  -0.1519995748592E-02
    86   0.86000000E-11   0.3150155897000E-02   0.4165956449930E+08   0.3623714034182E+01  -0.7509834767938E-14   0.1519995748580E-02  -0.1519995748587E-02
    87   0.87000000E-11   0.3154321853450E-02   0.4165956449931E+08   0.3623714034182E+01  -0.1008470650737E-13   0.1519995748582E-02  -0.1519995748592E-02
    88   0.88000000E-11   0.3158487809900E-02   0.4165956449930E+08   0.3623714034182E+01  -0.7509834767938E-14   0.1519995748580E-02  -0.1519995748587E-02
    89   0.89000000E-11   0.3162653766349E-02   0.4165956449931E+08   0.3623714034182E+01  -0.1008470650737E-13   0.1519995748582E-02  -0.1519995748592E-02
    90   0.90000000E-11   0.3166819722799E-02   0.4165956449930E+08   0.3623714034182E+01  -0.7509834767938E-14   0.1519995748580E-02  -0.1519995748587E-02
    91   0.91000000E-11   0.3170985679249E-02   0.4165956449931E+08   0.3623714034182E+01  -0.1008470650737E-13   0.1519995748582E-02  -0.1519995748592E-02
    92   0.92000000E-11   0.3175151635699E-02   0.4165956449930E+08   0.3623714034182E+01  -0.7509834767938E-14   0.1519995748580E-02  -0.1519995748587E-02
    93   0.93000000E-11   0.3179317592149E-02   0.4165956449931E+08   0.3623714034182E+01  -0.1008470650737E-13   0.1519995748582E-02  -0.1519995748592E-02
    94   0.94000000E-11   0.3183483548599E-02   0.4165956449930E+08   0.3623714034182E+01  -0.7509834767938E-14   0.1519995748580E-02  -0.1519995748587E-02
    95   0.95000000E-11   0.3187649505049E-02   0.4165956449931E+08   0.3623714034182E+01  -0.1008470650737E-13   0.1519995748582E-02  -0.1519995748592E-02
    96   0.96000000E-11   0.3191815461499E-02   0.4165956449930E+08   0.3623714034182E+01  -0.7509834767938E-14   0.1519995748580E-02  -0.1519995748587E-02
    97   0.97000000E-11   0.3195981417949E-02   0.4165956449931E+08   0.3623714034182E+01  -0.1008470650737E-13   0.1519995748582E-02  -0.1519995748592E-02
    98   0.98000000E-11   0.3200147374399E-02   0.4165956449930E+08   0.3623714034182E+01  -0.7509834767938E-14   0.1519995748580E-02  -0.1519995748587E-02
    99   0.99000000E-11   0.3204313330849E-02   0.4165956449931E+08   0.3623714034182E+01  -0.1008470650737E-13   0.1519995748582E-02  -0.1519995748592E-02
   100   0.10000000E-10   0.3208479287299E-02   0.4165956449930E+08   0.3623714034182E+01  -0.7509834767938E-14   0.1519995748580E-02  -0.1519995748587E-02
