#
#
#   Plasma Parameters
#    electron and ion temp [keV]:   0.3000D+01   0.3000D+01
#    number density nb   [cm^-3]:   0.1000D+26   0.5000D+25  0.0000D+00  0.0000D+00
#    mass array mb         [amu]:   0.5486D-03   0.2015D+01  0.3022D+01  0.1007D+01
#    mass array mb         [keV]:   0.5110D+03   0.1877D+07  0.2815D+07  0.9383D+06
#    charge array zb            :  -0.1000D+01   0.1000D+01  0.1000D+01  0.1000D+01
#
#
#   Projectile Parameters
#    charge      :   0.2000D+01
#    mass   [amu]:   0.4029D+01
#    mass   [keV]:   0.3753D+07
#    energy [keV]:   0.3540D+04
#  ne[cm^-3]    Te[keV]    Ti[keV]        ge       gi          etae         ze/2**1.5
#  0.1000D+26  0.3000D+01  0.3000D+01  0.3728D-02  0.1522D-02  0.9524D-01  0.3563D-02
# ab  =  0.1607D+00  0.5900D+03  0.8850D+03
# etab=  0.3359D+00  0.3359D+00  0.3359D+00
#    j tt [s]             xt [cm]                 vt [cm/s]           E_p [keV]             dedx_tot [MeV/mu-m]   dedx_i                dedx_e
     0   0.00000000E+00   0.0000000000000E+00   0.1302085185220E+10   0.3540000000000E+04   0.1685160187083E+00   0.1550940119977E-02   0.1669650785884E+00
     1   0.10000000E-12   0.1282739845737E-03   0.1262240362383E+10   0.3326661358129E+04   0.1641277946902E+00   0.1644379980157E-02   0.1624834147101E+00
     2   0.20000000E-12   0.2526140373708E-03   0.1223438640552E+10   0.3125279423646E+04   0.1598072058522E+00   0.1743832354990E-02   0.1580633734972E+00
     3   0.30000000E-12   0.3731236699892E-03   0.1185663332212E+10   0.2935264519059E+04   0.1555583188575E+00   0.1849688624083E-02   0.1537086302334E+00
     4   0.40000000E-12   0.4899046800099E-03   0.1148896824740E+10   0.2756046400679E+04   0.1513849157086E+00   0.1962365388634E-02   0.1494225503200E+00
     5   0.50000000E-12   0.6030570616550E-03   0.1113120655778E+10   0.2587074590579E+04   0.1472902608481E+00   0.2082309289904E-02   0.1452079515582E+00
     6   0.60000000E-12   0.7126789266791E-03   0.1078315630574E+10   0.2427818786980E+04   0.1432771977041E+00   0.2209996593341E-02   0.1410672011108E+00
     7   0.70000000E-12   0.8188664358832E-03   0.1044461919170E+10   0.2277769049378E+04   0.1393481794356E+00   0.2345938435725E-02   0.1370022409999E+00
     8   0.80000000E-12   0.9217133396569E-03   0.1011521046488E+10   0.2136359388976E+04   0.1356598055925E+00   0.2490764575835E-02   0.1331690410166E+00
     9   0.90000000E-12   0.1021309031858E-02   0.9794745762282E+09   0.2003137688338E+04   0.1318779104932E+00   0.2645074359225E-02   0.1292328361340E+00
    10   0.10000000E-11   0.1117743513129E-02   0.9483229547708E+09   0.1877746637127E+04   0.1281893820102E+00   0.2809402546254E-02   0.1253799794640E+00
    11   0.11000000E-11   0.1211105185307E-02   0.9180437515864E+09   0.1759751016856E+04   0.1245947840625E+00   0.2984427774842E-02   0.1216103562876E+00
    12   0.12000000E-11   0.1301480201186E-02   0.8886144141941E+09   0.1648736201980E+04   0.1210946159934E+00   0.3170880950944E-02   0.1179237350425E+00
    13   0.13000000E-11   0.1388952453136E-02   0.8600122908517E+09   0.1544307507536E+04   0.1176891897063E+00   0.3369549097088E-02   0.1143196406093E+00
    14   0.14000000E-11   0.1473603565220E-02   0.8322146704065E+09   0.1446089595479E+04   0.1143786882001E+00   0.3581284469138E-02   0.1107974037309E+00
    15   0.15000000E-11   0.1555512888703E-02   0.8051988114216E+09   0.1353725834366E+04   0.1111631816013E+00   0.3807007492282E-02   0.1073561741090E+00
    16   0.16000000E-11   0.1634757500069E-02   0.7789419616102E+09   0.1266877626949E+04   0.1080426789579E+00   0.4047718655773E-02   0.1039949603021E+00
    17   0.17000000E-11   0.1711412201235E-02   0.7534213896243E+09   0.1185223784356E+04   0.1050170334015E+00   0.4304504247519E-02   0.1007125291540E+00
    18   0.18000000E-11   0.1785549522381E-02   0.7286143905785E+09   0.1108459821706E+04   0.1020861362958E+00   0.4578548485991E-02   0.9750758780978E-01
    19   0.19000000E-11   0.1857239724731E-02   0.7044982938456E+09   0.1036297279603E+04   0.9924982496893E-01   0.4871146154919E-02   0.9437867881401E-01
    20   0.20000000E-11   0.1926550804368E-02   0.6810504686941E+09   0.9684630575870E+03   0.9650793422057E-01   0.5183716100479E-02   0.9132421812010E-01
    21   0.21000000E-11   0.1993548496159E-02   0.6582483219505E+09   0.9046987453600E+03   0.9386031942718E-01   0.5517818004161E-02   0.8834250142302E-01
    22   0.22000000E-11   0.2058296277165E-02   0.6360692896186E+09   0.8447599622791E+03   0.9130688699045E-01   0.5875173124762E-02   0.8543171386568E-01
    23   0.23000000E-11   0.2120855368882E-02   0.6144908219223E+09   0.7884157073052E+03   0.8884762138822E-01   0.6257686977878E-02   0.8258993441034E-01
    24   0.24000000E-11   0.2181284737653E-02   0.5934903609116E+09   0.7354477207590E+03   0.8648261496595E-01   0.6667477169666E-02   0.7981513779628E-01
    25   0.25000000E-11   0.2239641092455E-02   0.5730453101613E+09   0.6856498603884E+03   0.8421210762594E-01   0.7106908101686E-02   0.7710519952425E-01
    26   0.26000000E-11   0.2295978879211E-02   0.5531329950911E+09   0.6388274918464E+03   0.8203652477560E-01   0.7578628663641E-02   0.7445789611196E-01
    27   0.27000000E-11   0.2350350270659E-02   0.5337306130012E+09   0.5947968955612E+03   0.7995652907906E-01   0.8085627307468E-02   0.7187090177159E-01
    28   0.28000000E-11   0.2402805150531E-02   0.5148151667109E+09   0.5533846809674E+03   0.7797310178947E-01   0.8631284428440E-02   0.6934181736103E-01
    29   0.29000000E-11   0.2453391090514E-02   0.4963633950104E+09   0.5144272425589E+03   0.7608749084187E-01   0.9219449907468E-02   0.6686804093440E-01
    30   0.30000000E-11   0.2502153319937E-02   0.4783516770408E+09   0.4777702115877E+03   0.7430148149306E-01   0.9854536918893E-02   0.6444694457417E-01
    31   0.31000000E-11   0.2549134683670E-02   0.4607559089218E+09   0.4432679117067E+03   0.7261736208237E-01   0.1054162847312E-01   0.6207573360925E-01
    32   0.32000000E-11   0.2594375587340E-02   0.4435513622931E+09   0.4107828480407E+03   0.7103809950082E-01   0.1128663074909E-01   0.5975146875173E-01
    33   0.33000000E-11   0.2637913926645E-02   0.4267125077043E+09   0.3801852054731E+03   0.6956748187318E-01   0.1209645009695E-01   0.5747103177624E-01
    34   0.34000000E-11   0.2679784996954E-02   0.4102127930300E+09   0.3513523537939E+03   0.6821033209663E-01   0.1297923072257E-01   0.5523110137406E-01
    35   0.35000000E-11   0.2720021378160E-02   0.3940243661798E+09   0.3241683608108E+03   0.6697278009343E-01   0.1394466343416E-01   0.5302811665927E-01
    36   0.36000000E-11   0.2758652788407E-02   0.3781177238573E+09   0.2985235080943E+03   0.6586260954070E-01   0.1500439014875E-01   0.5085821939195E-01
    37   0.37000000E-11   0.2795705898212E-02   0.3624612627190E+09   0.2743138053988E+03   0.6488973821944E-01   0.1617254479601E-01   0.4871719342343E-01
    38   0.38000000E-11   0.2831204093607E-02   0.3470206973016E+09   0.2514404949980E+03   0.6406686926546E-01   0.1746649641086E-01   0.4660037285459E-01
    39   0.39000000E-11   0.2865167172688E-02   0.3317582936612E+09   0.2298095350247E+03   0.6341040692417E-01   0.1890788242316E-01   0.4450252450100E-01
    40   0.40000000E-11   0.2897610953652E-02   0.3166318415854E+09   0.2093310445109E+03   0.6294175931290E-01   0.2052407188324E-01   0.4241768742966E-01
    41   0.41000000E-11   0.2928546763026E-02   0.3015932497538E+09   0.1899186876572E+03   0.6268924334301E-01   0.2235029259917E-01   0.4033895074384E-01
    42   0.42000000E-11   0.2957980752306E-02   0.2865863037944E+09   0.1714886293691E+03   0.6269356748806E-01   0.2443546366796E-01   0.3825810382010E-01
    43   0.43000000E-11   0.2985912950807E-02   0.2715443041296E+09   0.1539592765901E+03   0.6300215265384E-01   0.2683691481354E-01   0.3616523784030E-01
    44   0.44000000E-11   0.3012336086585E-02   0.2563862130561E+09   0.1372504579144E+03   0.6369024626239E-01   0.2964233219658E-01   0.3404791406581E-01
    45   0.45000000E-11   0.3037233812448E-02   0.2410096941566E+09   0.1212812012723E+03   0.6486384764204E-01   0.3297328149819E-01   0.3189056614386E-01
    46   0.46000000E-11   0.3060578155407E-02   0.2252814830962E+09   0.1059681762084E+03   0.6668147199161E-01   0.3700914735857E-01   0.2967232463304E-01
    47   0.47000000E-11   0.3082325699466E-02   0.2090208876379E+09   0.9122289321223E+02   0.6939182399890E-01   0.4202751802528E-01   0.2736430597363E-01
    48   0.48000000E-11   0.3102411586202E-02   0.1919708548428E+09   0.7694759745367E+02   0.7340662850157E-01   0.4848231466467E-01   0.2492431383690E-01
    49   0.49000000E-11   0.3120739534856E-02   0.1737432424408E+09   0.6302898465773E+02   0.7945652313100E-01   0.5717020193262E-01   0.2228632119838E-01
    50   0.50000000E-11   0.3137164041194E-02   0.1537078870869E+09   0.4933064251943E+02   0.8893610190388E-01   0.6959897790456E-01   0.1933712399931E-01
    51   0.51000000E-11   0.3151456431809E-02   0.1307653893894E+09   0.3570344225291E+02   0.1045143183551E+00   0.8865554004086E-01   0.1585877831426E-01
    52   0.52000000E-11   0.3163243491055E-02   0.1030980778323E+09   0.2219349008040E+02   0.1286376539422E+00   0.1172415698144E+00   0.1139608412778E-01
    53   0.53000000E-11   0.3171992832748E-02   0.7054142751285E+08   0.1038993797136E+02   0.1317801616032E+00   0.1263877210100E+00   0.5392440593246E-02
    54   0.54000000E-11   0.3177777715125E-02   0.4815594894810E+08   0.4841995232358E+01   0.4399470415536E-01   0.4365385887321E-01   0.3408452821559E-03
    55   0.55000000E-11   0.3182272666023E-02   0.4304598408420E+08   0.3868919987918E+01   0.6722378520253E-02   0.7768157426771E-02  -0.1045778906518E-02
    56   0.56000000E-11   0.3186532527786E-02   0.4235712818534E+08   0.3746083738929E+01   0.7707427271388E-03   0.2014914141936E-02  -0.1244171414798E-02
    57   0.57000000E-11   0.3190763187445E-02   0.4227968508134E+08   0.3732398054507E+01   0.8478130796573E-04   0.1351452808228E-02  -0.1266671500262E-02
    58   0.58000000E-11   0.3194990601032E-02   0.4227118498519E+08   0.3730897449518E+01   0.9282975794195E-05   0.1278426535330E-02  -0.1269143559536E-02
    59   0.59000000E-11   0.3199217658782E-02   0.4227025450552E+08   0.3730733201177E+01   0.1015909106443E-05   0.1270430107108E-02  -0.1269414198001E-02
    60   0.60000000E-11   0.3203444677584E-02   0.4227015267848E+08   0.3730715226880E+01   0.1111727757116E-06   0.1269554988457E-02  -0.1269443815682E-02
    61   0.61000000E-11   0.3207671692125E-02   0.4227014153539E+08   0.3730713259928E+01   0.1216578603792E-07   0.1269459222553E-02  -0.1269447056767E-02
    62   0.62000000E-11   0.3211898706199E-02   0.4227014031599E+08   0.3730713044682E+01   0.1331328639399E-08   0.1269448742782E-02  -0.1269447411454E-02
    63   0.63000000E-11   0.3216125720222E-02   0.4227014018255E+08   0.3730713021127E+01   0.1456771074214E-09   0.1269447595962E-02  -0.1269447450285E-02
    64   0.64000000E-11   0.3220352734239E-02   0.4227014016795E+08   0.3730713018550E+01   0.1595141949301E-10   0.1269447470465E-02  -0.1269447454514E-02
    65   0.65000000E-11   0.3224579748256E-02   0.4227014016635E+08   0.3730713018268E+01   0.1735276148034E-11   0.1269447456733E-02  -0.1269447454998E-02
    66   0.66000000E-11   0.3228806762272E-02   0.4227014016618E+08   0.3730713018237E+01   0.1876603798572E-12   0.1269447455234E-02  -0.1269447455046E-02
    67   0.67000000E-11   0.3233033776289E-02   0.4227014016616E+08   0.3730713018233E+01   0.2117956417885E-13   0.1269447455065E-02  -0.1269447455044E-02
    68   0.68000000E-11   0.3237260790305E-02   0.4227014016616E+08   0.3730713018233E+01  -0.1893580778289E-13   0.1269447455050E-02  -0.1269447455069E-02
    69   0.69000000E-11   0.3241487804322E-02   0.4227014016616E+08   0.3730713018233E+01   0.1084603327289E-13   0.1269447455051E-02  -0.1269447455040E-02
    70   0.70000000E-11   0.3245714818339E-02   0.4227014016616E+08   0.3730713018233E+01   0.1041121399162E-13   0.1269447455049E-02  -0.1269447455038E-02
    71   0.71000000E-11   0.3249941832355E-02   0.4227014016616E+08   0.3730713018233E+01  -0.1893580778289E-13   0.1269447455050E-02  -0.1269447455069E-02
    72   0.72000000E-11   0.3254168846372E-02   0.4227014016616E+08   0.3730713018233E+01   0.1084603327289E-13   0.1269447455051E-02  -0.1269447455040E-02
    73   0.73000000E-11   0.3258395860389E-02   0.4227014016616E+08   0.3730713018233E+01   0.1041121399162E-13   0.1269447455049E-02  -0.1269447455038E-02
    74   0.74000000E-11   0.3262622874405E-02   0.4227014016616E+08   0.3730713018233E+01  -0.1893580778289E-13   0.1269447455050E-02  -0.1269447455069E-02
    75   0.75000000E-11   0.3266849888422E-02   0.4227014016616E+08   0.3730713018233E+01   0.1084603327289E-13   0.1269447455051E-02  -0.1269447455040E-02
    76   0.76000000E-11   0.3271076902438E-02   0.4227014016616E+08   0.3730713018233E+01   0.1041121399162E-13   0.1269447455049E-02  -0.1269447455038E-02
    77   0.77000000E-11   0.3275303916455E-02   0.4227014016616E+08   0.3730713018233E+01  -0.1893580778289E-13   0.1269447455050E-02  -0.1269447455069E-02
    78   0.78000000E-11   0.3279530930472E-02   0.4227014016616E+08   0.3730713018233E+01   0.1084603327289E-13   0.1269447455051E-02  -0.1269447455040E-02
    79   0.79000000E-11   0.3283757944488E-02   0.4227014016616E+08   0.3730713018233E+01   0.1041121399162E-13   0.1269447455049E-02  -0.1269447455038E-02
    80   0.80000000E-11   0.3287984958505E-02   0.4227014016616E+08   0.3730713018233E+01  -0.1893580778289E-13   0.1269447455050E-02  -0.1269447455069E-02
    81   0.81000000E-11   0.3292211972521E-02   0.4227014016616E+08   0.3730713018233E+01   0.1084603327289E-13   0.1269447455051E-02  -0.1269447455040E-02
    82   0.82000000E-11   0.3296438986538E-02   0.4227014016616E+08   0.3730713018233E+01   0.1041121399162E-13   0.1269447455049E-02  -0.1269447455038E-02
    83   0.83000000E-11   0.3300666000555E-02   0.4227014016616E+08   0.3730713018233E+01  -0.1893580778289E-13   0.1269447455050E-02  -0.1269447455069E-02
    84   0.84000000E-11   0.3304893014571E-02   0.4227014016616E+08   0.3730713018233E+01   0.1084603327289E-13   0.1269447455051E-02  -0.1269447455040E-02
    85   0.85000000E-11   0.3309120028588E-02   0.4227014016616E+08   0.3730713018233E+01   0.1041121399162E-13   0.1269447455049E-02  -0.1269447455038E-02
    86   0.86000000E-11   0.3313347042605E-02   0.4227014016616E+08   0.3730713018233E+01  -0.1893580778289E-13   0.1269447455050E-02  -0.1269447455069E-02
    87   0.87000000E-11   0.3317574056621E-02   0.4227014016616E+08   0.3730713018233E+01   0.1084603327289E-13   0.1269447455051E-02  -0.1269447455040E-02
    88   0.88000000E-11   0.3321801070638E-02   0.4227014016616E+08   0.3730713018233E+01   0.1041121399162E-13   0.1269447455049E-02  -0.1269447455038E-02
    89   0.89000000E-11   0.3326028084654E-02   0.4227014016616E+08   0.3730713018233E+01  -0.1893580778289E-13   0.1269447455050E-02  -0.1269447455069E-02
    90   0.90000000E-11   0.3330255098671E-02   0.4227014016616E+08   0.3730713018233E+01   0.1084603327289E-13   0.1269447455051E-02  -0.1269447455040E-02
    91   0.91000000E-11   0.3334482112688E-02   0.4227014016616E+08   0.3730713018233E+01   0.1041121399162E-13   0.1269447455049E-02  -0.1269447455038E-02
    92   0.92000000E-11   0.3338709126704E-02   0.4227014016616E+08   0.3730713018233E+01  -0.1893580778289E-13   0.1269447455050E-02  -0.1269447455069E-02
    93   0.93000000E-11   0.3342936140721E-02   0.4227014016616E+08   0.3730713018233E+01   0.1084603327289E-13   0.1269447455051E-02  -0.1269447455040E-02
    94   0.94000000E-11   0.3347163154737E-02   0.4227014016616E+08   0.3730713018233E+01   0.1041121399162E-13   0.1269447455049E-02  -0.1269447455038E-02
    95   0.95000000E-11   0.3351390168754E-02   0.4227014016616E+08   0.3730713018233E+01  -0.1893580778289E-13   0.1269447455050E-02  -0.1269447455069E-02
    96   0.96000000E-11   0.3355617182771E-02   0.4227014016616E+08   0.3730713018233E+01   0.1084603327289E-13   0.1269447455051E-02  -0.1269447455040E-02
    97   0.97000000E-11   0.3359844196787E-02   0.4227014016616E+08   0.3730713018233E+01   0.1041121399162E-13   0.1269447455049E-02  -0.1269447455038E-02
    98   0.98000000E-11   0.3364071210804E-02   0.4227014016616E+08   0.3730713018233E+01  -0.1893580778289E-13   0.1269447455050E-02  -0.1269447455069E-02
    99   0.99000000E-11   0.3368298224821E-02   0.4227014016616E+08   0.3730713018233E+01   0.1084603327289E-13   0.1269447455051E-02  -0.1269447455040E-02
   100   0.10000000E-10   0.3372525238837E-02   0.4227014016616E+08   0.3730713018233E+01   0.1041121399162E-13   0.1269447455049E-02  -0.1269447455038E-02
