#     p=   0.5000000000000E+00
#
#
#   Plasma Parameters
#    electron and ion temp [keV]:   0.3000D+01   0.3000D+01
#    number density nb   [cm^-3]:   0.1136D+26   0.4545D+25  0.4545D+25  0.5682D+25
#    mass array mb         [amu]:   0.5486D-03   0.2015D+01  0.3022D+01  0.1007D+01
#    mass array mb         [keV]:   0.5110D+03   0.1877D+07  0.2815D+07  0.9383D+06
#    charge array zb            :  -0.1000D+01   0.1000D+01  0.1000D+01  0.1000D+01
#
#
#   Projectile Parameters
#    charge      :   0.2000D+01
#    mass   [amu]:   0.4029D+01
#    mass   [keV]:   0.3753D+07
#    energy [keV]:   0.3540D+04
#  ne[cm^-3]    Te[keV]    Ti[keV]        ge       gi          etae         ze/2**1.5
#  0.1000D+26  0.3000D+01  0.3000D+01  0.3974D-02  0.2616D-02  0.9524D-01  0.4048D-02
# ab  =  0.1607E+00  0.5900E+03  0.8850E+03  0.2950E+03
# etab=  0.3359E+00  0.3359E+00  0.3359E+00  0.3359E+00
#    j tt [s]             xt [cm]                 vt [cm/s]           E_p [keV]             dedx_tot [MeV/mu-m]   dedx_i                dedx_e
     0   0.00000000E+00   0.0000000000000E+00   0.1302085185220E+10   0.3540000000000E+04   0.1920597456256E+00   0.5689322377648E-02   0.1863704232479E+00
     1   0.10000000E-12   0.1280048526063E-03   0.1256709982854E+10   0.3297574352855E+04   0.1867488974137E+00   0.6081248123746E-02   0.1806676492899E+00
     2   0.20000000E-12   0.2515332691548E-03   0.1212594134799E+10   0.3070120300029E+04   0.1815467818108E+00   0.6502951883679E-02   0.1750438299271E+00
     3   0.30000000E-12   0.3707098977908E-03   0.1169710695801E+10   0.2856810207530E+04   0.1764610746101E+00   0.6956901302081E-02   0.1695041733080E+00
     4   0.40000000E-12   0.4856566055562E-03   0.1128030943285E+10   0.2656846678474E+04   0.1714989931023E+00   0.7445811654090E-02   0.1640531814483E+00
     5   0.50000000E-12   0.5964923060872E-03   0.1087524504985E+10   0.2469463264176E+04   0.1666670781652E+00   0.7972680465667E-02   0.1586943976996E+00
     6   0.60000000E-12   0.7033328020185E-03   0.1048159503360E+10   0.2293925025584E+04   0.1619713573829E+00   0.8540826840159E-02   0.1534305305428E+00
     7   0.70000000E-12   0.8062901848739E-03   0.1009882132244E+10   0.2129442136288E+04   0.1575915693152E+00   0.9154287423322E-02   0.1484372818918E+00
     8   0.80000000E-12   0.9054705814526E-03   0.9726612732085E+09   0.1975366644230E+04   0.1531505456874E+00   0.9817230627289E-02   0.1433333150601E+00
     9   0.90000000E-12   0.1000979726702E-02   0.9364856865303E+09   0.1831161946022E+04   0.1488675138898E+00   0.1053388069567E-01   0.1383336331941E+00
    10   0.10000000E-11   0.1092920304851E-02   0.9013170782112E+09   0.1696210186861E+04   0.1447464854335E+00   0.1130944049000E-01   0.1334370449435E+00
    11   0.11000000E-11   0.1181391123336E-02   0.8671161593152E+09   0.1569925436453E+04   0.1407917677857E+00   0.1214979984867E-01   0.1286419679370E+00
    12   0.12000000E-11   0.1266487009975E-02   0.8338425810359E+09   0.1451752574422E+04   0.1370079462629E+00   0.1306166458678E-01   0.1239462816762E+00
    13   0.13000000E-11   0.1348298703077E-02   0.8014548448253E+09   0.1341166150771E+04   0.1334000836527E+00   0.1405271580947E-01   0.1193473678433E+00
    14   0.14000000E-11   0.1426912729978E-02   0.7699101592632E+09   0.1237669154389E+04   0.1299739501095E+00   0.1513181243952E-01   0.1148421376700E+00
    15   0.15000000E-11   0.1502411269871E-02   0.7391642703916E+09   0.1140791820082E+04   0.1267361387683E+00   0.1630924565458E-01   0.1104268931138E+00
    16   0.16000000E-11   0.1574871995267E-02   0.7091711899067E+09   0.1050090271183E+04   0.1236945658654E+00   0.1759706820427E-01   0.1060974976611E+00
    17   0.17000000E-11   0.1644367883087E-02   0.6798828626289E+09   0.9651452006190E+03   0.1208587314731E+00   0.1900952049302E-01   0.1018492109801E+00
    18   0.18000000E-11   0.1710966987668E-02   0.6512487247700E+09   0.8855605035483E+03   0.1182402524919E+00   0.2056358888781E-01   0.9767666360408E-01
    19   0.19000000E-11   0.1774732163102E-02   0.6232151221828E+09   0.8109618653748E+03   0.1158535436267E+00   0.2227975304556E-01   0.9357379058114E-01
    20   0.20000000E-11   0.1835720718867E-02   0.5957245425681E+09   0.7409952971563E+03   0.1137167119500E+00   0.2418299439469E-01   0.8953371755535E-01
    21   0.21000000E-11   0.1893983987121E-02   0.5687145945968E+09   0.6753256008088E+03   0.1118528068017E+00   0.2630418747800E-01   0.8554861932375E-01
    22   0.22000000E-11   0.1949566771888E-02   0.5421166352438E+09   0.6136347349629E+03   0.1102915609652E+00   0.2868205068191E-01   0.8160951028333E-01
    23   0.23000000E-11   0.2002506638207E-02   0.5158538930790E+09   0.5556200275165E+03   0.1090719505247E+00   0.3136594944994E-01   0.7770600107476E-01
    24   0.24000000E-11   0.2052832980437E-02   0.4898388652495E+09   0.5009921805036E+03   0.1082457709500E+00   0.3442002117311E-01   0.7382574977691E-01
    25   0.25000000E-11   0.2100565782270E-02   0.4639696245521E+09   0.4494729542187E+03   0.1078835218451E+00   0.3792942556741E-01   0.6995409627771E-01
    26   0.26000000E-11   0.2145713929520E-02   0.4381243999699E+09   0.4007922801544E+03   0.1080832063982E+00   0.4201014026899E-01   0.6607306612925E-01
    27   0.27000000E-11   0.2188272861058E-02   0.4121533853208E+09   0.3546844996953E+03   0.1089873808006E+00   0.4682729706250E-01   0.6216008373805E-01
    28   0.28000000E-11   0.2228221170110E-02   0.3858655885165E+09   0.3108827082306E+03   0.1107995776079E+00   0.5261371078942E-01   0.5818586681848E-01
    29   0.29000000E-11   0.2265515645246E-02   0.3590093640263E+09   0.2691138315142E+03   0.1138424197466E+00   0.5973153585854E-01   0.5411088388805E-01
    30   0.30000000E-11   0.2300083552437E-02   0.3312347039413E+09   0.2290847244527E+03   0.1186408475286E+00   0.6876081782247E-01   0.4988002970615E-01
    31   0.31000000E-11   0.2331809896851E-02   0.3020254243289E+09   0.1904633738260E+03   0.1261180092538E+00   0.8070738257243E-01   0.4541062668139E-01
    32   0.32000000E-11   0.2360514872439E-02   0.2705574936921E+09   0.1528423129173E+03   0.1380715936421E+00   0.9750338809052E-01   0.4056820555155E-01
    33   0.33000000E-11   0.2385909438001E-02   0.2353638769868E+09   0.1156655654464E+03   0.1585278680190E+00   0.1234216326229E+00   0.3510623539613E-01
    34   0.34000000E-11   0.2407493262253E-02   0.1933638718650E+09   0.7806837401470E+02   0.1986251369750E+00   0.1701469154046E+00   0.2847822157046E-01
    35   0.35000000E-11   0.2424262358065E-02   0.1363613802644E+09   0.3882462269346E+02   0.2968188046039E+00   0.2778422835805E+00   0.1897652102345E-01
    36   0.36000000E-11   0.2433963324152E-02   0.5498184792843E+08   0.6311943915870E+01   0.2229526750982E+00   0.2208959909541E+00   0.2056684144050E-02
    37   0.37000000E-11   0.2438470243090E-02   0.4254167903799E+08   0.3778798376362E+01   0.6111192396500E-03   0.1970194984700E-02  -0.1359075745050E-02
    38   0.38000000E-11   0.2442722335351E-02   0.4251667878251E+08   0.3774358346334E+01   0.7635481391576E-06   0.1367440240518E-02  -0.1366676692379E-02
    39   0.39000000E-11   0.2446974000637E-02   0.4251664756544E+08   0.3774352803832E+01   0.9526129071224E-09   0.1366687138629E-02  -0.1366686186017E-02
    40   0.40000000E-11   0.2451225665391E-02   0.4251664752649E+08   0.3774352796917E+01   0.1178968543885E-11   0.1366686199040E-02  -0.1366686197861E-02
    41   0.41000000E-11   0.2455477330143E-02   0.4251664752644E+08   0.3774352796908E+01   0.4384296745097E-14   0.1366686197879E-02  -0.1366686197875E-02
    42   0.42000000E-11   0.2459728994896E-02   0.4251664752644E+08   0.3774352796908E+01  -0.1567989444881E-13   0.1366686197879E-02  -0.1366686197894E-02
    43   0.43000000E-11   0.2463980659649E-02   0.4251664752644E+08   0.3774352796908E+01  -0.1567989444881E-13   0.1366686197879E-02  -0.1366686197894E-02
    44   0.44000000E-11   0.2468232324401E-02   0.4251664752644E+08   0.3774352796908E+01  -0.1567989444881E-13   0.1366686197879E-02  -0.1366686197894E-02
    45   0.45000000E-11   0.2472483989154E-02   0.4251664752644E+08   0.3774352796908E+01  -0.1567989444881E-13   0.1366686197879E-02  -0.1366686197894E-02
    46   0.46000000E-11   0.2476735653907E-02   0.4251664752644E+08   0.3774352796908E+01  -0.1567989444881E-13   0.1366686197879E-02  -0.1366686197894E-02
    47   0.47000000E-11   0.2480987318659E-02   0.4251664752644E+08   0.3774352796908E+01  -0.1567989444881E-13   0.1366686197879E-02  -0.1366686197894E-02
    48   0.48000000E-11   0.2485238983412E-02   0.4251664752644E+08   0.3774352796908E+01  -0.1567989444881E-13   0.1366686197879E-02  -0.1366686197894E-02
    49   0.49000000E-11   0.2489490648165E-02   0.4251664752644E+08   0.3774352796908E+01  -0.1567989444881E-13   0.1366686197879E-02  -0.1366686197894E-02
    50   0.50000000E-11   0.2493742312917E-02   0.4251664752644E+08   0.3774352796908E+01  -0.1567989444881E-13   0.1366686197879E-02  -0.1366686197894E-02
    51   0.51000000E-11   0.2497993977670E-02   0.4251664752644E+08   0.3774352796908E+01  -0.1567989444881E-13   0.1366686197879E-02  -0.1366686197894E-02
    52   0.52000000E-11   0.2502245642422E-02   0.4251664752644E+08   0.3774352796908E+01  -0.1567989444881E-13   0.1366686197879E-02  -0.1366686197894E-02
    53   0.53000000E-11   0.2506497307175E-02   0.4251664752644E+08   0.3774352796908E+01  -0.1567989444881E-13   0.1366686197879E-02  -0.1366686197894E-02
    54   0.54000000E-11   0.2510748971928E-02   0.4251664752644E+08   0.3774352796908E+01  -0.1567989444881E-13   0.1366686197879E-02  -0.1366686197894E-02
    55   0.55000000E-11   0.2515000636680E-02   0.4251664752644E+08   0.3774352796908E+01  -0.1567989444881E-13   0.1366686197879E-02  -0.1366686197894E-02
    56   0.56000000E-11   0.2519252301433E-02   0.4251664752644E+08   0.3774352796908E+01  -0.1567989444881E-13   0.1366686197879E-02  -0.1366686197894E-02
    57   0.57000000E-11   0.2523503966186E-02   0.4251664752644E+08   0.3774352796908E+01  -0.1567989444881E-13   0.1366686197879E-02  -0.1366686197894E-02
    58   0.58000000E-11   0.2527755630938E-02   0.4251664752644E+08   0.3774352796908E+01  -0.1567989444881E-13   0.1366686197879E-02  -0.1366686197894E-02
    59   0.59000000E-11   0.2532007295691E-02   0.4251664752644E+08   0.3774352796908E+01  -0.1567989444881E-13   0.1366686197879E-02  -0.1366686197894E-02
    60   0.60000000E-11   0.2536258960444E-02   0.4251664752644E+08   0.3774352796908E+01  -0.1567989444881E-13   0.1366686197879E-02  -0.1366686197894E-02
    61   0.61000000E-11   0.2540510625196E-02   0.4251664752644E+08   0.3774352796908E+01  -0.1567989444881E-13   0.1366686197879E-02  -0.1366686197894E-02
    62   0.62000000E-11   0.2544762289949E-02   0.4251664752644E+08   0.3774352796908E+01  -0.1567989444881E-13   0.1366686197879E-02  -0.1366686197894E-02
    63   0.63000000E-11   0.2549013954702E-02   0.4251664752644E+08   0.3774352796908E+01  -0.1567989444881E-13   0.1366686197879E-02  -0.1366686197894E-02
    64   0.64000000E-11   0.2553265619454E-02   0.4251664752644E+08   0.3774352796908E+01  -0.1567989444881E-13   0.1366686197879E-02  -0.1366686197894E-02
    65   0.65000000E-11   0.2557517284207E-02   0.4251664752644E+08   0.3774352796908E+01  -0.1567989444881E-13   0.1366686197879E-02  -0.1366686197894E-02
    66   0.66000000E-11   0.2561768948959E-02   0.4251664752644E+08   0.3774352796908E+01  -0.1567989444881E-13   0.1366686197879E-02  -0.1366686197894E-02
    67   0.67000000E-11   0.2566020613712E-02   0.4251664752644E+08   0.3774352796908E+01  -0.1567989444881E-13   0.1366686197879E-02  -0.1366686197894E-02
    68   0.68000000E-11   0.2570272278465E-02   0.4251664752644E+08   0.3774352796908E+01  -0.1567989444881E-13   0.1366686197879E-02  -0.1366686197894E-02
    69   0.69000000E-11   0.2574523943217E-02   0.4251664752644E+08   0.3774352796908E+01  -0.1567989444881E-13   0.1366686197879E-02  -0.1366686197894E-02
    70   0.70000000E-11   0.2578775607970E-02   0.4251664752644E+08   0.3774352796908E+01  -0.1567989444881E-13   0.1366686197879E-02  -0.1366686197894E-02
    71   0.71000000E-11   0.2583027272723E-02   0.4251664752644E+08   0.3774352796908E+01  -0.1567989444881E-13   0.1366686197879E-02  -0.1366686197894E-02
    72   0.72000000E-11   0.2587278937475E-02   0.4251664752644E+08   0.3774352796908E+01  -0.1567989444881E-13   0.1366686197879E-02  -0.1366686197894E-02
    73   0.73000000E-11   0.2591530602228E-02   0.4251664752644E+08   0.3774352796908E+01  -0.1567989444881E-13   0.1366686197879E-02  -0.1366686197894E-02
    74   0.74000000E-11   0.2595782266981E-02   0.4251664752644E+08   0.3774352796908E+01  -0.1567989444881E-13   0.1366686197879E-02  -0.1366686197894E-02
    75   0.75000000E-11   0.2600033931733E-02   0.4251664752644E+08   0.3774352796908E+01  -0.1567989444881E-13   0.1366686197879E-02  -0.1366686197894E-02
    76   0.76000000E-11   0.2604285596486E-02   0.4251664752644E+08   0.3774352796908E+01  -0.1567989444881E-13   0.1366686197879E-02  -0.1366686197894E-02
    77   0.77000000E-11   0.2608537261239E-02   0.4251664752644E+08   0.3774352796908E+01  -0.1567989444881E-13   0.1366686197879E-02  -0.1366686197894E-02
    78   0.78000000E-11   0.2612788925991E-02   0.4251664752644E+08   0.3774352796908E+01  -0.1567989444881E-13   0.1366686197879E-02  -0.1366686197894E-02
    79   0.79000000E-11   0.2617040590744E-02   0.4251664752644E+08   0.3774352796908E+01  -0.1567989444881E-13   0.1366686197879E-02  -0.1366686197894E-02
    80   0.80000000E-11   0.2621292255496E-02   0.4251664752644E+08   0.3774352796908E+01  -0.1567989444881E-13   0.1366686197879E-02  -0.1366686197894E-02
    81   0.81000000E-11   0.2625543920249E-02   0.4251664752644E+08   0.3774352796908E+01  -0.1567989444881E-13   0.1366686197879E-02  -0.1366686197894E-02
    82   0.82000000E-11   0.2629795585002E-02   0.4251664752644E+08   0.3774352796908E+01  -0.1567989444881E-13   0.1366686197879E-02  -0.1366686197894E-02
    83   0.83000000E-11   0.2634047249754E-02   0.4251664752644E+08   0.3774352796908E+01  -0.1567989444881E-13   0.1366686197879E-02  -0.1366686197894E-02
    84   0.84000000E-11   0.2638298914507E-02   0.4251664752644E+08   0.3774352796908E+01  -0.1567989444881E-13   0.1366686197879E-02  -0.1366686197894E-02
    85   0.85000000E-11   0.2642550579260E-02   0.4251664752644E+08   0.3774352796908E+01  -0.1567989444881E-13   0.1366686197879E-02  -0.1366686197894E-02
    86   0.86000000E-11   0.2646802244012E-02   0.4251664752644E+08   0.3774352796908E+01  -0.1567989444881E-13   0.1366686197879E-02  -0.1366686197894E-02
    87   0.87000000E-11   0.2651053908765E-02   0.4251664752644E+08   0.3774352796908E+01  -0.1567989444881E-13   0.1366686197879E-02  -0.1366686197894E-02
    88   0.88000000E-11   0.2655305573518E-02   0.4251664752644E+08   0.3774352796908E+01  -0.1567989444881E-13   0.1366686197879E-02  -0.1366686197894E-02
    89   0.89000000E-11   0.2659557238270E-02   0.4251664752644E+08   0.3774352796908E+01  -0.1567989444881E-13   0.1366686197879E-02  -0.1366686197894E-02
    90   0.90000000E-11   0.2663808903023E-02   0.4251664752644E+08   0.3774352796908E+01  -0.1567989444881E-13   0.1366686197879E-02  -0.1366686197894E-02
    91   0.91000000E-11   0.2668060567776E-02   0.4251664752644E+08   0.3774352796908E+01  -0.1567989444881E-13   0.1366686197879E-02  -0.1366686197894E-02
    92   0.92000000E-11   0.2672312232528E-02   0.4251664752644E+08   0.3774352796908E+01  -0.1567989444881E-13   0.1366686197879E-02  -0.1366686197894E-02
    93   0.93000000E-11   0.2676563897281E-02   0.4251664752644E+08   0.3774352796908E+01  -0.1567989444881E-13   0.1366686197879E-02  -0.1366686197894E-02
    94   0.94000000E-11   0.2680815562033E-02   0.4251664752644E+08   0.3774352796908E+01  -0.1567989444881E-13   0.1366686197879E-02  -0.1366686197894E-02
    95   0.95000000E-11   0.2685067226786E-02   0.4251664752644E+08   0.3774352796908E+01  -0.1567989444881E-13   0.1366686197879E-02  -0.1366686197894E-02
    96   0.96000000E-11   0.2689318891539E-02   0.4251664752644E+08   0.3774352796908E+01  -0.1567989444881E-13   0.1366686197879E-02  -0.1366686197894E-02
    97   0.97000000E-11   0.2693570556291E-02   0.4251664752644E+08   0.3774352796908E+01  -0.1567989444881E-13   0.1366686197879E-02  -0.1366686197894E-02
    98   0.98000000E-11   0.2697822221044E-02   0.4251664752644E+08   0.3774352796908E+01  -0.1567989444881E-13   0.1366686197879E-02  -0.1366686197894E-02
    99   0.99000000E-11   0.2702073885797E-02   0.4251664752644E+08   0.3774352796908E+01  -0.1567989444881E-13   0.1366686197879E-02  -0.1366686197894E-02
   100   0.10000000E-10   0.2706325550549E-02   0.4251664752644E+08   0.3774352796908E+01  -0.1567989444881E-13   0.1366686197879E-02  -0.1366686197894E-02
